<?xml version="1.0" encoding="UTF-8"?>
<coverage generated="1607377392030" clover="3.2.0">
  <project timestamp="1607377392030" name="All files">
    <metrics statements="148" coveredstatements="108" conditionals="117" coveredconditionals="51" methods="86" coveredmethods="46" elements="351" coveredelements="205" complexity="0" loc="148" ncloc="148" packages="10" files="43" classes="43"/>
    <package name="src">
      <metrics statements="1" coveredstatements="1" conditionals="0" coveredconditionals="0" methods="0" coveredmethods="0"/>
      <file name="Theme.ts" path="C:\Proyectos personales\Joinble-UI\src\Theme.ts">
        <metrics statements="1" coveredstatements="1" conditionals="0" coveredconditionals="0" methods="0" coveredmethods="0"/>
        <line num="26" count="30" type="stmt"/>
      </file>
    </package>
    <package name="src.components.badgets">
      <metrics statements="6" coveredstatements="2" conditionals="8" coveredconditionals="0" methods="4" coveredmethods="0"/>
      <file name="Badgets.tsx" path="C:\Proyectos personales\Joinble-UI\src\components\badgets\Badgets.tsx">
        <metrics statements="2" coveredstatements="1" conditionals="4" coveredconditionals="0" methods="1" coveredmethods="0"/>
        <line num="9" count="6" type="stmt"/>
        <line num="13" count="0" type="stmt"/>
      </file>
      <file name="BadgetsStyles.tsx" path="C:\Proyectos personales\Joinble-UI\src\components\badgets\BadgetsStyles.tsx">
        <metrics statements="4" coveredstatements="1" conditionals="4" coveredconditionals="0" methods="3" coveredmethods="0"/>
        <line num="7" count="6" type="stmt"/>
        <line num="8" count="0" type="stmt"/>
        <line num="16" count="0" type="cond" truecount="0" falsecount="4"/>
        <line num="19" count="0" type="stmt"/>
      </file>
    </package>
    <package name="src.components.button">
      <metrics statements="23" coveredstatements="19" conditionals="52" coveredconditionals="22" methods="17" coveredmethods="13"/>
      <file name="Button.tsx" path="C:\Proyectos personales\Joinble-UI\src\components\button\Button.tsx">
        <metrics statements="2" coveredstatements="2" conditionals="9" coveredconditionals="7" methods="1" coveredmethods="1"/>
        <line num="20" count="6" type="stmt"/>
        <line num="28" count="6" type="stmt"/>
      </file>
      <file name="ButtonIcon.tsx" path="C:\Proyectos personales\Joinble-UI\src\components\button\ButtonIcon.tsx">
        <metrics statements="2" coveredstatements="1" conditionals="3" coveredconditionals="0" methods="1" coveredmethods="0"/>
        <line num="15" count="6" type="stmt"/>
        <line num="21" count="0" type="stmt"/>
      </file>
      <file name="ButtonIconStyles.tsx" path="C:\Proyectos personales\Joinble-UI\src\components\button\ButtonIconStyles.tsx">
        <metrics statements="5" coveredstatements="2" conditionals="10" coveredconditionals="0" methods="3" coveredmethods="0"/>
        <line num="11" count="6" type="stmt"/>
        <line num="14" count="0" type="cond" truecount="0" falsecount="2"/>
        <line num="16" count="0" type="cond" truecount="0" falsecount="2"/>
        <line num="26" count="0" type="cond" truecount="0" falsecount="4"/>
        <line num="41" count="6" type="stmt"/>
      </file>
      <file name="ButtonStyles.tsx" path="C:\Proyectos personales\Joinble-UI\src\components\button\ButtonStyles.tsx">
        <metrics statements="14" coveredstatements="14" conditionals="30" coveredconditionals="15" methods="12" coveredmethods="12"/>
        <line num="14" count="6" type="stmt"/>
        <line num="16" count="6" type="cond" truecount="1" falsecount="1"/>
        <line num="27" count="6" type="cond" truecount="1" falsecount="1"/>
        <line num="38" count="6" type="cond" truecount="1" falsecount="1"/>
        <line num="42" count="6" type="cond" truecount="1" falsecount="1"/>
        <line num="46" count="6" type="cond" truecount="1" falsecount="1"/>
        <line num="55" count="6" type="cond" truecount="1" falsecount="1"/>
        <line num="59" count="6" type="cond" truecount="1" falsecount="1"/>
        <line num="63" count="6" type="cond" truecount="1" falsecount="1"/>
        <line num="71" count="6" type="cond" truecount="1" falsecount="1"/>
        <line num="80" count="6" type="stmt"/>
        <line num="81" count="6" type="stmt"/>
        <line num="87" count="6" type="stmt"/>
        <line num="94" count="6" type="stmt"/>
      </file>
    </package>
    <package name="src.components.checkbox">
      <metrics statements="21" coveredstatements="19" conditionals="30" coveredconditionals="16" methods="14" coveredmethods="12"/>
      <file name="Checkbox.tsx" path="C:\Proyectos personales\Joinble-UI\src\components\checkbox\Checkbox.tsx">
        <metrics statements="2" coveredstatements="2" conditionals="8" coveredconditionals="5" methods="1" coveredmethods="1"/>
        <line num="26" count="6" type="stmt"/>
        <line num="42" count="5" type="stmt"/>
      </file>
      <file name="CheckboxStyles.tsx" path="C:\Proyectos personales\Joinble-UI\src\components\checkbox\CheckboxStyles.tsx">
        <metrics statements="19" coveredstatements="17" conditionals="22" coveredconditionals="11" methods="13" coveredmethods="11"/>
        <line num="10" count="6" type="stmt"/>
        <line num="19" count="6" type="stmt"/>
        <line num="20" count="5" type="stmt"/>
        <line num="21" count="5" type="stmt"/>
        <line num="22" count="5" type="cond" truecount="1" falsecount="1"/>
        <line num="23" count="5" type="cond" truecount="1" falsecount="1"/>
        <line num="24" count="5" type="cond" truecount="1" falsecount="1"/>
        <line num="36" count="6" type="stmt"/>
        <line num="38" count="5" type="cond" truecount="1" falsecount="1"/>
        <line num="39" count="5" type="cond" truecount="1" falsecount="1"/>
        <line num="40" count="5" type="cond" truecount="1" falsecount="1"/>
        <line num="44" count="5" type="cond" truecount="1" falsecount="1"/>
        <line num="54" count="5" type="cond" truecount="1" falsecount="1"/>
        <line num="60" count="5" type="cond" truecount="1" falsecount="1"/>
        <line num="69" count="6" type="stmt"/>
        <line num="70" count="0" type="stmt"/>
        <line num="79" count="0" type="stmt"/>
        <line num="85" count="6" type="stmt"/>
        <line num="90" count="6" type="stmt"/>
      </file>
    </package>
    <package name="src.components.errorLabel">
      <metrics statements="5" coveredstatements="5" conditionals="0" coveredconditionals="0" methods="3" coveredmethods="3"/>
      <file name="ErrorLabel.tsx" path="C:\Proyectos personales\Joinble-UI\src\components\errorLabel\ErrorLabel.tsx">
        <metrics statements="5" coveredstatements="5" conditionals="0" coveredconditionals="0" methods="3" coveredmethods="3"/>
        <line num="9" count="18" type="stmt"/>
        <line num="13" count="4" type="stmt"/>
        <line num="14" count="4" type="stmt"/>
        <line num="17" count="4" type="stmt"/>
        <line num="24" count="4" type="stmt"/>
      </file>
    </package>
    <package name="src.components.helpLabel">
      <metrics statements="6" coveredstatements="6" conditionals="0" coveredconditionals="0" methods="4" coveredmethods="4"/>
      <file name="HelpLabel.tsx" path="C:\Proyectos personales\Joinble-UI\src\components\helpLabel\HelpLabel.tsx">
        <metrics statements="6" coveredstatements="6" conditionals="0" coveredconditionals="0" methods="4" coveredmethods="4"/>
        <line num="10" count="12" type="stmt"/>
        <line num="14" count="3" type="stmt"/>
        <line num="23" count="3" type="stmt"/>
        <line num="26" count="3" type="stmt"/>
        <line num="27" count="3" type="stmt"/>
        <line num="33" count="3" type="stmt"/>
      </file>
    </package>
    <package name="src.components.icons">
      <metrics statements="52" coveredstatements="28" conditionals="0" coveredconditionals="0" methods="26" coveredmethods="2"/>
      <file name="alertIcon.tsx" path="C:\Proyectos personales\Joinble-UI\src\components\icons\alertIcon.tsx">
        <metrics statements="2" coveredstatements="1" conditionals="0" coveredconditionals="0" methods="1" coveredmethods="0"/>
        <line num="7" count="18" type="stmt"/>
        <line num="8" count="0" type="stmt"/>
      </file>
      <file name="androidIcon.tsx" path="C:\Proyectos personales\Joinble-UI\src\components\icons\androidIcon.tsx">
        <metrics statements="2" coveredstatements="1" conditionals="0" coveredconditionals="0" methods="1" coveredmethods="0"/>
        <line num="7" count="18" type="stmt"/>
        <line num="8" count="0" type="stmt"/>
      </file>
      <file name="appleIcon.tsx" path="C:\Proyectos personales\Joinble-UI\src\components\icons\appleIcon.tsx">
        <metrics statements="2" coveredstatements="1" conditionals="0" coveredconditionals="0" methods="1" coveredmethods="0"/>
        <line num="7" count="18" type="stmt"/>
        <line num="8" count="0" type="stmt"/>
      </file>
      <file name="applicationIcon.tsx" path="C:\Proyectos personales\Joinble-UI\src\components\icons\applicationIcon.tsx">
        <metrics statements="2" coveredstatements="1" conditionals="0" coveredconditionals="0" methods="1" coveredmethods="0"/>
        <line num="7" count="18" type="stmt"/>
        <line num="8" count="0" type="stmt"/>
      </file>
      <file name="checkboxCheckedIcon.tsx" path="C:\Proyectos personales\Joinble-UI\src\components\icons\checkboxCheckedIcon.tsx">
        <metrics statements="2" coveredstatements="1" conditionals="0" coveredconditionals="0" methods="1" coveredmethods="0"/>
        <line num="7" count="18" type="stmt"/>
        <line num="10" count="0" type="stmt"/>
      </file>
      <file name="checkboxIcon.tsx" path="C:\Proyectos personales\Joinble-UI\src\components\icons\checkboxIcon.tsx">
        <metrics statements="2" coveredstatements="2" conditionals="0" coveredconditionals="0" methods="1" coveredmethods="1"/>
        <line num="7" count="18" type="stmt"/>
        <line num="8" count="5" type="stmt"/>
      </file>
      <file name="chevronDownIcon.tsx" path="C:\Proyectos personales\Joinble-UI\src\components\icons\chevronDownIcon.tsx">
        <metrics statements="2" coveredstatements="1" conditionals="0" coveredconditionals="0" methods="1" coveredmethods="0"/>
        <line num="7" count="18" type="stmt"/>
        <line num="8" count="0" type="stmt"/>
      </file>
      <file name="closeIcon.tsx" path="C:\Proyectos personales\Joinble-UI\src\components\icons\closeIcon.tsx">
        <metrics statements="2" coveredstatements="1" conditionals="0" coveredconditionals="0" methods="1" coveredmethods="0"/>
        <line num="7" count="18" type="stmt"/>
        <line num="8" count="0" type="stmt"/>
      </file>
      <file name="editIcon.tsx" path="C:\Proyectos personales\Joinble-UI\src\components\icons\editIcon.tsx">
        <metrics statements="2" coveredstatements="1" conditionals="0" coveredconditionals="0" methods="1" coveredmethods="0"/>
        <line num="7" count="18" type="stmt"/>
        <line num="8" count="0" type="stmt"/>
      </file>
      <file name="facebookIcon.tsx" path="C:\Proyectos personales\Joinble-UI\src\components\icons\facebookIcon.tsx">
        <metrics statements="2" coveredstatements="1" conditionals="0" coveredconditionals="0" methods="1" coveredmethods="0"/>
        <line num="7" count="18" type="stmt"/>
        <line num="8" count="0" type="stmt"/>
      </file>
      <file name="githubIcon.tsx" path="C:\Proyectos personales\Joinble-UI\src\components\icons\githubIcon.tsx">
        <metrics statements="2" coveredstatements="1" conditionals="0" coveredconditionals="0" methods="1" coveredmethods="0"/>
        <line num="7" count="18" type="stmt"/>
        <line num="8" count="0" type="stmt"/>
      </file>
      <file name="googleIcon.tsx" path="C:\Proyectos personales\Joinble-UI\src\components\icons\googleIcon.tsx">
        <metrics statements="2" coveredstatements="1" conditionals="0" coveredconditionals="0" methods="1" coveredmethods="0"/>
        <line num="7" count="18" type="stmt"/>
        <line num="8" count="0" type="stmt"/>
      </file>
      <file name="hamburguerIcon.tsx" path="C:\Proyectos personales\Joinble-UI\src\components\icons\hamburguerIcon.tsx">
        <metrics statements="2" coveredstatements="1" conditionals="0" coveredconditionals="0" methods="1" coveredmethods="0"/>
        <line num="7" count="18" type="stmt"/>
        <line num="8" count="0" type="stmt"/>
      </file>
      <file name="helpIcon.tsx" path="C:\Proyectos personales\Joinble-UI\src\components\icons\helpIcon.tsx">
        <metrics statements="2" coveredstatements="2" conditionals="0" coveredconditionals="0" methods="1" coveredmethods="1"/>
        <line num="7" count="18" type="stmt"/>
        <line num="8" count="3" type="stmt"/>
      </file>
      <file name="hiddenIcon.tsx" path="C:\Proyectos personales\Joinble-UI\src\components\icons\hiddenIcon.tsx">
        <metrics statements="2" coveredstatements="1" conditionals="0" coveredconditionals="0" methods="1" coveredmethods="0"/>
        <line num="7" count="18" type="stmt"/>
        <line num="8" count="0" type="stmt"/>
      </file>
      <file name="index.ts" path="C:\Proyectos personales\Joinble-UI\src\components\icons\index.ts">
        <metrics statements="0" coveredstatements="0" conditionals="0" coveredconditionals="0" methods="0" coveredmethods="0"/>
      </file>
      <file name="joinbleIcon.tsx" path="C:\Proyectos personales\Joinble-UI\src\components\icons\joinbleIcon.tsx">
        <metrics statements="2" coveredstatements="1" conditionals="0" coveredconditionals="0" methods="1" coveredmethods="0"/>
        <line num="7" count="18" type="stmt"/>
        <line num="8" count="0" type="stmt"/>
      </file>
      <file name="linkedinIcon.tsx" path="C:\Proyectos personales\Joinble-UI\src\components\icons\linkedinIcon.tsx">
        <metrics statements="2" coveredstatements="1" conditionals="0" coveredconditionals="0" methods="1" coveredmethods="0"/>
        <line num="7" count="18" type="stmt"/>
        <line num="8" count="0" type="stmt"/>
      </file>
      <file name="messageIcon.tsx" path="C:\Proyectos personales\Joinble-UI\src\components\icons\messageIcon.tsx">
        <metrics statements="2" coveredstatements="1" conditionals="0" coveredconditionals="0" methods="1" coveredmethods="0"/>
        <line num="7" count="18" type="stmt"/>
        <line num="8" count="0" type="stmt"/>
      </file>
      <file name="notificationIcon.tsx" path="C:\Proyectos personales\Joinble-UI\src\components\icons\notificationIcon.tsx">
        <metrics statements="2" coveredstatements="1" conditionals="0" coveredconditionals="0" methods="1" coveredmethods="0"/>
        <line num="7" count="18" type="stmt"/>
        <line num="8" count="0" type="stmt"/>
      </file>
      <file name="plusIcon.tsx" path="C:\Proyectos personales\Joinble-UI\src\components\icons\plusIcon.tsx">
        <metrics statements="2" coveredstatements="1" conditionals="0" coveredconditionals="0" methods="1" coveredmethods="0"/>
        <line num="7" count="18" type="stmt"/>
        <line num="8" count="0" type="stmt"/>
      </file>
      <file name="searchIcon.tsx" path="C:\Proyectos personales\Joinble-UI\src\components\icons\searchIcon.tsx">
        <metrics statements="2" coveredstatements="1" conditionals="0" coveredconditionals="0" methods="1" coveredmethods="0"/>
        <line num="7" count="18" type="stmt"/>
        <line num="8" count="0" type="stmt"/>
      </file>
      <file name="showIcon.tsx" path="C:\Proyectos personales\Joinble-UI\src\components\icons\showIcon.tsx">
        <metrics statements="2" coveredstatements="1" conditionals="0" coveredconditionals="0" methods="1" coveredmethods="0"/>
        <line num="7" count="18" type="stmt"/>
        <line num="8" count="0" type="stmt"/>
      </file>
      <file name="trashIcon.tsx" path="C:\Proyectos personales\Joinble-UI\src\components\icons\trashIcon.tsx">
        <metrics statements="2" coveredstatements="1" conditionals="0" coveredconditionals="0" methods="1" coveredmethods="0"/>
        <line num="7" count="18" type="stmt"/>
        <line num="8" count="0" type="stmt"/>
      </file>
      <file name="twitterIcon.tsx" path="C:\Proyectos personales\Joinble-UI\src\components\icons\twitterIcon.tsx">
        <metrics statements="2" coveredstatements="1" conditionals="0" coveredconditionals="0" methods="1" coveredmethods="0"/>
        <line num="7" count="18" type="stmt"/>
        <line num="8" count="0" type="stmt"/>
      </file>
      <file name="upIcon.tsx" path="C:\Proyectos personales\Joinble-UI\src\components\icons\upIcon.tsx">
        <metrics statements="2" coveredstatements="1" conditionals="0" coveredconditionals="0" methods="1" coveredmethods="0"/>
        <line num="7" count="18" type="stmt"/>
        <line num="8" count="0" type="stmt"/>
      </file>
      <file name="widgetIcon.tsx" path="C:\Proyectos personales\Joinble-UI\src\components\icons\widgetIcon.tsx">
        <metrics statements="2" coveredstatements="1" conditionals="0" coveredconditionals="0" methods="1" coveredmethods="0"/>
        <line num="7" count="18" type="stmt"/>
        <line num="8" count="0" type="stmt"/>
      </file>
    </package>
    <package name="src.components.input">
      <metrics statements="26" coveredstatements="23" conditionals="25" coveredconditionals="13" methods="15" coveredmethods="12"/>
      <file name="Input.tsx" path="C:\Proyectos personales\Joinble-UI\src\components\input\Input.tsx">
        <metrics statements="5" coveredstatements="4" conditionals="17" coveredconditionals="7" methods="2" coveredmethods="1"/>
        <line num="38" count="6" type="stmt"/>
        <line num="57" count="2" type="stmt"/>
        <line num="59" count="2" type="stmt"/>
        <line num="60" count="0" type="stmt"/>
        <line num="63" count="2" type="stmt"/>
      </file>
      <file name="InputStyle.tsx" path="C:\Proyectos personales\Joinble-UI\src\components\input\InputStyle.tsx">
        <metrics statements="21" coveredstatements="19" conditionals="8" coveredconditionals="6" methods="13" coveredmethods="11"/>
        <line num="14" count="6" type="stmt"/>
        <line num="28" count="6" type="stmt"/>
        <line num="30" count="2" type="stmt"/>
        <line num="31" count="2" type="stmt"/>
        <line num="32" count="2" type="stmt"/>
        <line num="43" count="2" type="cond" truecount="5" falsecount="1"/>
        <line num="50" count="2" type="stmt"/>
        <line num="64" count="2" type="stmt"/>
        <line num="72" count="2" type="stmt"/>
        <line num="81" count="2" type="stmt"/>
        <line num="87" count="6" type="stmt"/>
        <line num="88" count="2" type="stmt"/>
        <line num="92" count="2" type="stmt"/>
        <line num="93" count="2" type="stmt"/>
        <line num="100" count="6" type="stmt"/>
        <line num="102" count="0" type="stmt"/>
        <line num="110" count="6" type="stmt"/>
        <line num="111" count="0" type="stmt"/>
        <line num="118" count="6" type="stmt"/>
        <line num="125" count="6" type="stmt"/>
        <line num="128" count="6" type="stmt"/>
      </file>
    </package>
    <package name="src.components.loading">
      <metrics statements="7" coveredstatements="4" conditionals="2" coveredconditionals="0" methods="3" coveredmethods="0"/>
      <file name="Loading.tsx" path="C:\Proyectos personales\Joinble-UI\src\components\loading\Loading.tsx">
        <metrics statements="2" coveredstatements="1" conditionals="2" coveredconditionals="0" methods="1" coveredmethods="0"/>
        <line num="10" count="6" type="stmt"/>
        <line num="14" count="0" type="stmt"/>
      </file>
      <file name="LoadingStyles.tsx" path="C:\Proyectos personales\Joinble-UI\src\components\loading\LoadingStyles.tsx">
        <metrics statements="5" coveredstatements="3" conditionals="0" coveredconditionals="0" methods="2" coveredmethods="0"/>
        <line num="3" count="6" type="stmt"/>
        <line num="16" count="6" type="stmt"/>
        <line num="22" count="0" type="stmt"/>
        <line num="25" count="0" type="stmt"/>
        <line num="39" count="6" type="stmt"/>
      </file>
    </package>
    <package name="src.components.overlay">
      <metrics statements="1" coveredstatements="1" conditionals="0" coveredconditionals="0" methods="0" coveredmethods="0"/>
      <file name="Overlay.tsx" path="C:\Proyectos personales\Joinble-UI\src\components\overlay\Overlay.tsx">
        <metrics statements="1" coveredstatements="1" conditionals="0" coveredconditionals="0" methods="0" coveredmethods="0"/>
        <line num="3" count="6" type="stmt"/>
      </file>
    </package>
  </project>
</coverage>
