{"C:\\Users\\pjpen\\Documents\\projects\\joinble\\joinble-ui\\src\\Theme.ts": {"path":"C:\\Users\\pjpen\\Documents\\projects\\joinble\\joinble-ui\\src\\Theme.ts","statementMap":{"0":{"start":{"line":20,"column":41},"end":{"line":37,"column":1}}},"fnMap":{},"branchMap":{},"s":{"0":32},"f":{},"b":{},"_coverageSchema":"43e27e138ebf9cfc5966b082cf9a028302ed4184","hash":"c647b8255a637cd78a20d46317b590ec935862c8"}
,"C:\\Users\\pjpen\\Documents\\projects\\joinble\\joinble-ui\\src\\components\\badgets\\Badgets.tsx": {"path":"C:\\Users\\pjpen\\Documents\\projects\\joinble\\joinble-ui\\src\\components\\badgets\\Badgets.tsx","statementMap":{"0":{"start":{"line":9,"column":56},"end":{"line":18,"column":1}},"1":{"start":{"line":13,"column":2},"end":{"line":17,"column":3}}},"fnMap":{"0":{"name":"(anonymous_0)","decl":{"start":{"line":9,"column":56},"end":{"line":9,"column":57}},"loc":{"start":{"line":12,"column":6},"end":{"line":18,"column":1}},"line":12}},"branchMap":{"0":{"loc":{"start":{"line":15,"column":7},"end":{"line":15,"column":60}},"type":"binary-expr","locations":[{"start":{"line":15,"column":7},"end":{"line":15,"column":13}},{"start":{"line":15,"column":17},"end":{"line":15,"column":60}}],"line":15},"1":{"loc":{"start":{"line":15,"column":24},"end":{"line":15,"column":52}},"type":"cond-expr","locations":[{"start":{"line":15,"column":38},"end":{"line":15,"column":43}},{"start":{"line":15,"column":46},"end":{"line":15,"column":52}}],"line":15}},"s":{"0":2,"1":0},"f":{"0":0},"b":{"0":[0,0],"1":[0,0]},"_coverageSchema":"43e27e138ebf9cfc5966b082cf9a028302ed4184","hash":"64a5b173733871f869a1c395e399b98391445c9c"}
,"C:\\Users\\pjpen\\Documents\\projects\\joinble\\joinble-ui\\src\\components\\badgets\\BadgetsStyles.tsx": {"path":"C:\\Users\\pjpen\\Documents\\projects\\joinble\\joinble-ui\\src\\components\\badgets\\BadgetsStyles.tsx","statementMap":{"0":{"start":{"line":8,"column":28},"end":{"line":24,"column":1}},"1":{"start":{"line":17,"column":4},"end":{"line":17,"column":58}}},"fnMap":{"0":{"name":"(anonymous_0)","decl":{"start":{"line":16,"column":19},"end":{"line":16,"column":20}},"loc":{"start":{"line":17,"column":4},"end":{"line":17,"column":58}},"line":17}},"branchMap":{"0":{"loc":{"start":{"line":17,"column":4},"end":{"line":17,"column":58}},"type":"cond-expr","locations":[{"start":{"line":17,"column":39},"end":{"line":17,"column":49}},{"start":{"line":17,"column":52},"end":{"line":17,"column":58}}],"line":17},"1":{"loc":{"start":{"line":17,"column":4},"end":{"line":17,"column":36}},"type":"binary-expr","locations":[{"start":{"line":17,"column":4},"end":{"line":17,"column":16}},{"start":{"line":17,"column":20},"end":{"line":17,"column":36}}],"line":17}},"s":{"0":2,"1":0},"f":{"0":0},"b":{"0":[0,0],"1":[0,0]},"_coverageSchema":"43e27e138ebf9cfc5966b082cf9a028302ed4184","hash":"07e3e08d08f38c5c0f9244618e0186d749af88e5"}
,"C:\\Users\\pjpen\\Documents\\projects\\joinble\\joinble-ui\\src\\components\\button\\Button.tsx": {"path":"C:\\Users\\pjpen\\Documents\\projects\\joinble\\joinble-ui\\src\\components\\button\\Button.tsx","statementMap":{"0":{"start":{"line":20,"column":55},"end":{"line":55,"column":1}},"1":{"start":{"line":34,"column":2},"end":{"line":54,"column":3}}},"fnMap":{"0":{"name":"(anonymous_0)","decl":{"start":{"line":20,"column":55},"end":{"line":20,"column":56}},"loc":{"start":{"line":33,"column":6},"end":{"line":55,"column":1}},"line":33}},"branchMap":{"0":{"loc":{"start":{"line":24,"column":2},"end":{"line":24,"column":17}},"type":"default-arg","locations":[{"start":{"line":24,"column":9},"end":{"line":24,"column":17}}],"line":24},"1":{"loc":{"start":{"line":46,"column":7},"end":{"line":50,"column":7}},"type":"binary-expr","locations":[{"start":{"line":46,"column":7},"end":{"line":46,"column":15}},{"start":{"line":46,"column":19},"end":{"line":46,"column":23}},{"start":{"line":47,"column":8},"end":{"line":49,"column":22}}],"line":46},"2":{"loc":{"start":{"line":51,"column":7},"end":{"line":51,"column":39}},"type":"binary-expr","locations":[{"start":{"line":51,"column":7},"end":{"line":51,"column":15}},{"start":{"line":51,"column":19},"end":{"line":51,"column":27}},{"start":{"line":51,"column":31},"end":{"line":51,"column":39}}],"line":51},"3":{"loc":{"start":{"line":52,"column":7},"end":{"line":52,"column":29}},"type":"binary-expr","locations":[{"start":{"line":52,"column":7},"end":{"line":52,"column":14}},{"start":{"line":52,"column":18},"end":{"line":52,"column":29}}],"line":52}},"s":{"0":16,"1":10},"f":{"0":10},"b":{"0":[10],"1":[10,10,0],"2":[10,10,10],"3":[10,0]},"_coverageSchema":"43e27e138ebf9cfc5966b082cf9a028302ed4184","hash":"a78949f87da2d8d5571eb7700b1727745893ef25"}
,"C:\\Users\\pjpen\\Documents\\projects\\joinble\\joinble-ui\\src\\components\\button\\ButtonIcon.tsx": {"path":"C:\\Users\\pjpen\\Documents\\projects\\joinble\\joinble-ui\\src\\components\\button\\ButtonIcon.tsx","statementMap":{"0":{"start":{"line":12,"column":59},"end":{"line":36,"column":1}},"1":{"start":{"line":19,"column":2},"end":{"line":35,"column":3}}},"fnMap":{"0":{"name":"(anonymous_0)","decl":{"start":{"line":12,"column":59},"end":{"line":12,"column":60}},"loc":{"start":{"line":18,"column":6},"end":{"line":36,"column":1}},"line":18}},"branchMap":{"0":{"loc":{"start":{"line":26,"column":7},"end":{"line":33,"column":7}},"type":"cond-expr","locations":[{"start":{"line":27,"column":8},"end":{"line":30,"column":25}},{"start":{"line":32,"column":8},"end":{"line":32,"column":32}}],"line":26}},"s":{"0":2,"1":0},"f":{"0":0},"b":{"0":[0,0]},"_coverageSchema":"43e27e138ebf9cfc5966b082cf9a028302ed4184","hash":"c82adf1900340eb24f90aeec93e5456d38344b4b"}
,"C:\\Users\\pjpen\\Documents\\projects\\joinble\\joinble-ui\\src\\components\\button\\ButtonIconStyles.tsx": {"path":"C:\\Users\\pjpen\\Documents\\projects\\joinble\\joinble-ui\\src\\components\\button\\ButtonIconStyles.tsx","statementMap":{"0":{"start":{"line":10,"column":31},"end":{"line":23,"column":1}},"1":{"start":{"line":13,"column":25},"end":{"line":13,"column":58}},"2":{"start":{"line":21,"column":6},"end":{"line":21,"column":78}},"3":{"start":{"line":25,"column":29},"end":{"line":29,"column":1}}},"fnMap":{"0":{"name":"(anonymous_0)","decl":{"start":{"line":13,"column":14},"end":{"line":13,"column":15}},"loc":{"start":{"line":13,"column":25},"end":{"line":13,"column":58}},"line":13},"1":{"name":"(anonymous_1)","decl":{"start":{"line":20,"column":12},"end":{"line":20,"column":13}},"loc":{"start":{"line":21,"column":6},"end":{"line":21,"column":78}},"line":21}},"branchMap":{"0":{"loc":{"start":{"line":13,"column":25},"end":{"line":13,"column":58}},"type":"binary-expr","locations":[{"start":{"line":13,"column":25},"end":{"line":13,"column":44}},{"start":{"line":13,"column":48},"end":{"line":13,"column":58}}],"line":13},"1":{"loc":{"start":{"line":21,"column":6},"end":{"line":21,"column":78}},"type":"cond-expr","locations":[{"start":{"line":21,"column":24},"end":{"line":21,"column":50}},{"start":{"line":21,"column":53},"end":{"line":21,"column":78}}],"line":21}},"s":{"0":2,"1":0,"2":0,"3":2},"f":{"0":0,"1":0},"b":{"0":[0,0],"1":[0,0]},"_coverageSchema":"43e27e138ebf9cfc5966b082cf9a028302ed4184","hash":"a33e0fba009e1fe6c6ebc02e981940fc820b46cb"}
,"C:\\Users\\pjpen\\Documents\\projects\\joinble\\joinble-ui\\src\\components\\button\\ButtonSocialMedia.tsx": {"path":"C:\\Users\\pjpen\\Documents\\projects\\joinble\\joinble-ui\\src\\components\\button\\ButtonSocialMedia.tsx","statementMap":{"0":{"start":{"line":32,"column":66},"end":{"line":66,"column":1}},"1":{"start":{"line":37,"column":2},"end":{"line":65,"column":3}}},"fnMap":{"0":{"name":"(anonymous_0)","decl":{"start":{"line":32,"column":66},"end":{"line":32,"column":67}},"loc":{"start":{"line":36,"column":6},"end":{"line":66,"column":1}},"line":36}},"branchMap":{"0":{"loc":{"start":{"line":39,"column":7},"end":{"line":43,"column":7}},"type":"binary-expr","locations":[{"start":{"line":39,"column":7},"end":{"line":39,"column":36}},{"start":{"line":40,"column":8},"end":{"line":42,"column":23}}],"line":39},"1":{"loc":{"start":{"line":44,"column":7},"end":{"line":48,"column":7}},"type":"binary-expr","locations":[{"start":{"line":44,"column":7},"end":{"line":44,"column":38}},{"start":{"line":45,"column":8},"end":{"line":47,"column":25}}],"line":44},"2":{"loc":{"start":{"line":49,"column":7},"end":{"line":53,"column":7}},"type":"binary-expr","locations":[{"start":{"line":49,"column":7},"end":{"line":49,"column":38}},{"start":{"line":50,"column":8},"end":{"line":52,"column":25}}],"line":49},"3":{"loc":{"start":{"line":54,"column":7},"end":{"line":58,"column":7}},"type":"binary-expr","locations":[{"start":{"line":54,"column":7},"end":{"line":54,"column":37}},{"start":{"line":55,"column":8},"end":{"line":57,"column":24}}],"line":54},"4":{"loc":{"start":{"line":59,"column":7},"end":{"line":63,"column":7}},"type":"binary-expr","locations":[{"start":{"line":59,"column":7},"end":{"line":59,"column":36}},{"start":{"line":60,"column":8},"end":{"line":62,"column":23}}],"line":59}},"s":{"0":2,"1":0},"f":{"0":0},"b":{"0":[0,0],"1":[0,0],"2":[0,0],"3":[0,0],"4":[0,0]},"_coverageSchema":"43e27e138ebf9cfc5966b082cf9a028302ed4184","hash":"c09b6d0d11504a0d702f14f45021784f902e9fca"}
,"C:\\Users\\pjpen\\Documents\\projects\\joinble\\joinble-ui\\src\\components\\button\\ButtonSocialMediaStyles.tsx": {"path":"C:\\Users\\pjpen\\Documents\\projects\\joinble\\joinble-ui\\src\\components\\button\\ButtonSocialMediaStyles.tsx","statementMap":{"0":{"start":{"line":3,"column":15},"end":{"line":18,"column":1}},"1":{"start":{"line":20,"column":28},"end":{"line":22,"column":1}},"2":{"start":{"line":23,"column":30},"end":{"line":28,"column":1}},"3":{"start":{"line":29,"column":29},"end":{"line":34,"column":1}},"4":{"start":{"line":35,"column":30},"end":{"line":40,"column":1}},"5":{"start":{"line":41,"column":28},"end":{"line":48,"column":1}}},"fnMap":{},"branchMap":{},"s":{"0":2,"1":2,"2":2,"3":2,"4":2,"5":2},"f":{},"b":{},"_coverageSchema":"43e27e138ebf9cfc5966b082cf9a028302ed4184","hash":"8d7d2fe2a2ab22b38dfffb217a70e80bee093996"}
,"C:\\Users\\pjpen\\Documents\\projects\\joinble\\joinble-ui\\src\\components\\button\\ButtonStyles.tsx": {"path":"C:\\Users\\pjpen\\Documents\\projects\\joinble\\joinble-ui\\src\\components\\button\\ButtonStyles.tsx","statementMap":{"0":{"start":{"line":14,"column":28},"end":{"line":94,"column":1}},"1":{"start":{"line":16,"column":4},"end":{"line":24,"column":33}},"2":{"start":{"line":26,"column":18},"end":{"line":26,"column":77}},"3":{"start":{"line":38,"column":4},"end":{"line":38,"column":76}},"4":{"start":{"line":40,"column":25},"end":{"line":40,"column":66}},"5":{"start":{"line":49,"column":8},"end":{"line":51,"column":37}},"6":{"start":{"line":53,"column":8},"end":{"line":55,"column":38}},"7":{"start":{"line":59,"column":10},"end":{"line":61,"column":40}},"8":{"start":{"line":68,"column":6},"end":{"line":76,"column":48}},"9":{"start":{"line":80,"column":8},"end":{"line":82,"column":38}},"10":{"start":{"line":100,"column":27},"end":{"line":117,"column":1}},"11":{"start":{"line":105,"column":4},"end":{"line":105,"column":72}},"12":{"start":{"line":115,"column":6},"end":{"line":115,"column":78}}},"fnMap":{"0":{"name":"(anonymous_0)","decl":{"start":{"line":15,"column":22},"end":{"line":15,"column":23}},"loc":{"start":{"line":16,"column":4},"end":{"line":24,"column":33}},"line":16},"1":{"name":"(anonymous_1)","decl":{"start":{"line":26,"column":6},"end":{"line":26,"column":7}},"loc":{"start":{"line":26,"column":18},"end":{"line":26,"column":77}},"line":26},"2":{"name":"(anonymous_2)","decl":{"start":{"line":37,"column":11},"end":{"line":37,"column":12}},"loc":{"start":{"line":38,"column":4},"end":{"line":38,"column":76}},"line":38},"3":{"name":"(anonymous_3)","decl":{"start":{"line":40,"column":13},"end":{"line":40,"column":14}},"loc":{"start":{"line":40,"column":25},"end":{"line":40,"column":66}},"line":40},"4":{"name":"(anonymous_4)","decl":{"start":{"line":48,"column":26},"end":{"line":48,"column":27}},"loc":{"start":{"line":49,"column":8},"end":{"line":51,"column":37}},"line":49},"5":{"name":"(anonymous_5)","decl":{"start":{"line":52,"column":15},"end":{"line":52,"column":16}},"loc":{"start":{"line":53,"column":8},"end":{"line":55,"column":38}},"line":53},"6":{"name":"(anonymous_6)","decl":{"start":{"line":58,"column":16},"end":{"line":58,"column":17}},"loc":{"start":{"line":59,"column":10},"end":{"line":61,"column":40}},"line":59},"7":{"name":"(anonymous_7)","decl":{"start":{"line":67,"column":24},"end":{"line":67,"column":25}},"loc":{"start":{"line":68,"column":6},"end":{"line":76,"column":48}},"line":68},"8":{"name":"(anonymous_8)","decl":{"start":{"line":79,"column":14},"end":{"line":79,"column":15}},"loc":{"start":{"line":80,"column":8},"end":{"line":82,"column":38}},"line":80},"9":{"name":"(anonymous_9)","decl":{"start":{"line":104,"column":22},"end":{"line":104,"column":23}},"loc":{"start":{"line":105,"column":4},"end":{"line":105,"column":72}},"line":105},"10":{"name":"(anonymous_10)","decl":{"start":{"line":114,"column":12},"end":{"line":114,"column":13}},"loc":{"start":{"line":115,"column":6},"end":{"line":115,"column":78}},"line":115}},"branchMap":{"0":{"loc":{"start":{"line":16,"column":4},"end":{"line":24,"column":33}},"type":"cond-expr","locations":[{"start":{"line":17,"column":8},"end":{"line":17,"column":34}},{"start":{"line":18,"column":8},"end":{"line":24,"column":33}}],"line":16},"1":{"loc":{"start":{"line":18,"column":8},"end":{"line":24,"column":33}},"type":"cond-expr","locations":[{"start":{"line":19,"column":8},"end":{"line":19,"column":31}},{"start":{"line":20,"column":8},"end":{"line":24,"column":33}}],"line":18},"2":{"loc":{"start":{"line":20,"column":8},"end":{"line":24,"column":33}},"type":"cond-expr","locations":[{"start":{"line":21,"column":8},"end":{"line":21,"column":33}},{"start":{"line":22,"column":8},"end":{"line":24,"column":33}}],"line":20},"3":{"loc":{"start":{"line":22,"column":8},"end":{"line":24,"column":33}},"type":"cond-expr","locations":[{"start":{"line":23,"column":8},"end":{"line":23,"column":33}},{"start":{"line":24,"column":8},"end":{"line":24,"column":33}}],"line":22},"4":{"loc":{"start":{"line":26,"column":18},"end":{"line":26,"column":77}},"type":"cond-expr","locations":[{"start":{"line":26,"column":36},"end":{"line":26,"column":61}},{"start":{"line":26,"column":64},"end":{"line":26,"column":77}}],"line":26},"5":{"loc":{"start":{"line":38,"column":4},"end":{"line":38,"column":76}},"type":"cond-expr","locations":[{"start":{"line":38,"column":22},"end":{"line":38,"column":47}},{"start":{"line":38,"column":50},"end":{"line":38,"column":76}}],"line":38},"6":{"loc":{"start":{"line":40,"column":25},"end":{"line":40,"column":66}},"type":"cond-expr","locations":[{"start":{"line":40,"column":38},"end":{"line":40,"column":55}},{"start":{"line":40,"column":58},"end":{"line":40,"column":66}}],"line":40},"7":{"loc":{"start":{"line":49,"column":8},"end":{"line":51,"column":37}},"type":"cond-expr","locations":[{"start":{"line":50,"column":12},"end":{"line":50,"column":38}},{"start":{"line":51,"column":12},"end":{"line":51,"column":37}}],"line":49},"8":{"loc":{"start":{"line":53,"column":8},"end":{"line":55,"column":38}},"type":"cond-expr","locations":[{"start":{"line":54,"column":12},"end":{"line":54,"column":37}},{"start":{"line":55,"column":12},"end":{"line":55,"column":38}}],"line":53},"9":{"loc":{"start":{"line":59,"column":10},"end":{"line":61,"column":40}},"type":"cond-expr","locations":[{"start":{"line":60,"column":14},"end":{"line":60,"column":39}},{"start":{"line":61,"column":14},"end":{"line":61,"column":40}}],"line":59},"10":{"loc":{"start":{"line":68,"column":6},"end":{"line":76,"column":48}},"type":"cond-expr","locations":[{"start":{"line":69,"column":10},"end":{"line":69,"column":35}},{"start":{"line":70,"column":10},"end":{"line":76,"column":48}}],"line":68},"11":{"loc":{"start":{"line":70,"column":10},"end":{"line":76,"column":48}},"type":"cond-expr","locations":[{"start":{"line":71,"column":10},"end":{"line":71,"column":46}},{"start":{"line":72,"column":10},"end":{"line":76,"column":48}}],"line":70},"12":{"loc":{"start":{"line":72,"column":10},"end":{"line":76,"column":48}},"type":"cond-expr","locations":[{"start":{"line":73,"column":10},"end":{"line":73,"column":48}},{"start":{"line":74,"column":10},"end":{"line":76,"column":48}}],"line":72},"13":{"loc":{"start":{"line":74,"column":10},"end":{"line":76,"column":48}},"type":"cond-expr","locations":[{"start":{"line":75,"column":10},"end":{"line":75,"column":48}},{"start":{"line":76,"column":10},"end":{"line":76,"column":48}}],"line":74},"14":{"loc":{"start":{"line":80,"column":8},"end":{"line":82,"column":38}},"type":"cond-expr","locations":[{"start":{"line":81,"column":12},"end":{"line":81,"column":38}},{"start":{"line":82,"column":12},"end":{"line":82,"column":38}}],"line":80},"15":{"loc":{"start":{"line":105,"column":4},"end":{"line":105,"column":72}},"type":"cond-expr","locations":[{"start":{"line":105,"column":22},"end":{"line":105,"column":31}},{"start":{"line":105,"column":34},"end":{"line":105,"column":72}}],"line":105},"16":{"loc":{"start":{"line":115,"column":6},"end":{"line":115,"column":78}},"type":"cond-expr","locations":[{"start":{"line":115,"column":24},"end":{"line":115,"column":49}},{"start":{"line":115,"column":52},"end":{"line":115,"column":78}}],"line":115}},"s":{"0":16,"1":10,"2":10,"3":10,"4":10,"5":10,"6":10,"7":10,"8":10,"9":10,"10":16,"11":0,"12":0},"f":{"0":10,"1":10,"2":10,"3":10,"4":10,"5":10,"6":10,"7":10,"8":10,"9":0,"10":0},"b":{"0":[0,10],"1":[0,10],"2":[0,10],"3":[0,10],"4":[0,10],"5":[0,10],"6":[0,10],"7":[0,10],"8":[0,10],"9":[0,10],"10":[0,10],"11":[0,10],"12":[0,10],"13":[0,10],"14":[0,10],"15":[0,0],"16":[0,0]},"_coverageSchema":"43e27e138ebf9cfc5966b082cf9a028302ed4184","hash":"5996184f9de7bfc7ca155e469db2112e6a7614ad"}
,"C:\\Users\\pjpen\\Documents\\projects\\joinble\\joinble-ui\\src\\components\\button\\index.ts": {"path":"C:\\Users\\pjpen\\Documents\\projects\\joinble\\joinble-ui\\src\\components\\button\\index.ts","statementMap":{},"fnMap":{},"branchMap":{},"s":{},"f":{},"b":{},"_coverageSchema":"43e27e138ebf9cfc5966b082cf9a028302ed4184","hash":"53b5bc9717c5198b6822b01a25cbbeebcb606d41"}
,"C:\\Users\\pjpen\\Documents\\projects\\joinble\\joinble-ui\\src\\components\\checkbox\\Checkbox.tsx": {"path":"C:\\Users\\pjpen\\Documents\\projects\\joinble\\joinble-ui\\src\\components\\checkbox\\Checkbox.tsx","statementMap":{"0":{"start":{"line":18,"column":51},"end":{"line":59,"column":1}},"1":{"start":{"line":33,"column":4},"end":{"line":57,"column":5}}},"fnMap":{"0":{"name":"(anonymous_0)","decl":{"start":{"line":19,"column":2},"end":{"line":19,"column":3}},"loc":{"start":{"line":32,"column":7},"end":{"line":58,"column":3}},"line":32}},"branchMap":{"0":{"loc":{"start":{"line":35,"column":9},"end":{"line":39,"column":9}},"type":"binary-expr","locations":[{"start":{"line":35,"column":9},"end":{"line":35,"column":18}},{"start":{"line":36,"column":10},"end":{"line":38,"column":18}}],"line":35},"1":{"loc":{"start":{"line":50,"column":9},"end":{"line":50,"column":61}},"type":"cond-expr","locations":[{"start":{"line":50,"column":19},"end":{"line":50,"column":42}},{"start":{"line":50,"column":45},"end":{"line":50,"column":61}}],"line":50},"2":{"loc":{"start":{"line":51,"column":9},"end":{"line":55,"column":9}},"type":"binary-expr","locations":[{"start":{"line":51,"column":9},"end":{"line":51,"column":19}},{"start":{"line":52,"column":10},"end":{"line":54,"column":18}}],"line":51}},"s":{"0":8,"1":8},"f":{"0":8},"b":{"0":[8,8],"1":[0,8],"2":[8,0]},"_coverageSchema":"43e27e138ebf9cfc5966b082cf9a028302ed4184","hash":"bc8a676d5c627dd942776f6c2e0553bf5cd623a8"}
,"C:\\Users\\pjpen\\Documents\\projects\\joinble\\joinble-ui\\src\\components\\checkbox\\CheckboxStyles.tsx": {"path":"C:\\Users\\pjpen\\Documents\\projects\\joinble\\joinble-ui\\src\\components\\checkbox\\CheckboxStyles.tsx","statementMap":{"0":{"start":{"line":10,"column":30},"end":{"line":17,"column":1}},"1":{"start":{"line":19,"column":21},"end":{"line":29,"column":1}},"2":{"start":{"line":22,"column":30},"end":{"line":22,"column":60}},"3":{"start":{"line":23,"column":29},"end":{"line":23,"column":60}},"4":{"start":{"line":24,"column":24},"end":{"line":24,"column":62}},"5":{"start":{"line":34,"column":33},"end":{"line":49,"column":1}},"6":{"start":{"line":37,"column":24},"end":{"line":37,"column":62}},"7":{"start":{"line":38,"column":25},"end":{"line":38,"column":51}},"8":{"start":{"line":46,"column":8},"end":{"line":46,"column":76}}},"fnMap":{"0":{"name":"(anonymous_0)","decl":{"start":{"line":22,"column":18},"end":{"line":22,"column":19}},"loc":{"start":{"line":22,"column":30},"end":{"line":22,"column":60}},"line":22},"1":{"name":"(anonymous_1)","decl":{"start":{"line":23,"column":17},"end":{"line":23,"column":18}},"loc":{"start":{"line":23,"column":29},"end":{"line":23,"column":60}},"line":23},"2":{"name":"(anonymous_2)","decl":{"start":{"line":24,"column":12},"end":{"line":24,"column":13}},"loc":{"start":{"line":24,"column":24},"end":{"line":24,"column":62}},"line":24},"3":{"name":"(anonymous_3)","decl":{"start":{"line":37,"column":12},"end":{"line":37,"column":13}},"loc":{"start":{"line":37,"column":24},"end":{"line":37,"column":62}},"line":37},"4":{"name":"(anonymous_4)","decl":{"start":{"line":38,"column":13},"end":{"line":38,"column":14}},"loc":{"start":{"line":38,"column":25},"end":{"line":38,"column":51}},"line":38},"5":{"name":"(anonymous_5)","decl":{"start":{"line":45,"column":15},"end":{"line":45,"column":16}},"loc":{"start":{"line":46,"column":8},"end":{"line":46,"column":76}},"line":46}},"branchMap":{"0":{"loc":{"start":{"line":22,"column":30},"end":{"line":22,"column":60}},"type":"cond-expr","locations":[{"start":{"line":22,"column":48},"end":{"line":22,"column":56}},{"start":{"line":22,"column":59},"end":{"line":22,"column":60}}],"line":22},"1":{"loc":{"start":{"line":23,"column":29},"end":{"line":23,"column":60}},"type":"cond-expr","locations":[{"start":{"line":23,"column":48},"end":{"line":23,"column":56}},{"start":{"line":23,"column":59},"end":{"line":23,"column":60}}],"line":23},"2":{"loc":{"start":{"line":24,"column":24},"end":{"line":24,"column":62}},"type":"cond-expr","locations":[{"start":{"line":24,"column":41},"end":{"line":24,"column":50}},{"start":{"line":24,"column":53},"end":{"line":24,"column":62}}],"line":24},"3":{"loc":{"start":{"line":37,"column":24},"end":{"line":37,"column":62}},"type":"cond-expr","locations":[{"start":{"line":37,"column":41},"end":{"line":37,"column":50}},{"start":{"line":37,"column":53},"end":{"line":37,"column":62}}],"line":37},"4":{"loc":{"start":{"line":38,"column":25},"end":{"line":38,"column":51}},"type":"cond-expr","locations":[{"start":{"line":38,"column":42},"end":{"line":38,"column":47}},{"start":{"line":38,"column":50},"end":{"line":38,"column":51}}],"line":38},"5":{"loc":{"start":{"line":46,"column":8},"end":{"line":46,"column":76}},"type":"cond-expr","locations":[{"start":{"line":46,"column":26},"end":{"line":46,"column":51}},{"start":{"line":46,"column":54},"end":{"line":46,"column":76}}],"line":46}},"s":{"0":8,"1":8,"2":8,"3":8,"4":8,"5":8,"6":8,"7":8,"8":8},"f":{"0":8,"1":8,"2":8,"3":8,"4":8,"5":8},"b":{"0":[8,0],"1":[0,8],"2":[0,8],"3":[0,8],"4":[0,8],"5":[8,0]},"_coverageSchema":"43e27e138ebf9cfc5966b082cf9a028302ed4184","hash":"881c17a7b7ddcc85cb35c298ea22bde328d5dc41"}
,"C:\\Users\\pjpen\\Documents\\projects\\joinble\\joinble-ui\\src\\components\\errorLabel\\ErrorLabel.tsx": {"path":"C:\\Users\\pjpen\\Documents\\projects\\joinble\\joinble-ui\\src\\components\\errorLabel\\ErrorLabel.tsx","statementMap":{"0":{"start":{"line":10,"column":59},"end":{"line":26,"column":1}},"1":{"start":{"line":14,"column":16},"end":{"line":23,"column":3}},"2":{"start":{"line":25,"column":2},"end":{"line":25,"column":56}}},"fnMap":{"0":{"name":"(anonymous_0)","decl":{"start":{"line":10,"column":59},"end":{"line":10,"column":60}},"loc":{"start":{"line":13,"column":6},"end":{"line":26,"column":1}},"line":13}},"branchMap":{},"s":{"0":6,"1":4,"2":4},"f":{"0":4},"b":{},"_coverageSchema":"43e27e138ebf9cfc5966b082cf9a028302ed4184","hash":"5a9116240ab33ee4650751ec4fe6577e8f89ed5b"}
,"C:\\Users\\pjpen\\Documents\\projects\\joinble\\joinble-ui\\src\\components\\helpLabel\\HelpLabel.tsx": {"path":"C:\\Users\\pjpen\\Documents\\projects\\joinble\\joinble-ui\\src\\components\\helpLabel\\HelpLabel.tsx","statementMap":{"0":{"start":{"line":11,"column":58},"end":{"line":41,"column":1}},"1":{"start":{"line":15,"column":22},"end":{"line":33,"column":3}},"2":{"start":{"line":35,"column":2},"end":{"line":40,"column":3}}},"fnMap":{"0":{"name":"(anonymous_0)","decl":{"start":{"line":11,"column":58},"end":{"line":11,"column":59}},"loc":{"start":{"line":14,"column":6},"end":{"line":41,"column":1}},"line":14}},"branchMap":{},"s":{"0":6,"1":4,"2":4},"f":{"0":4},"b":{},"_coverageSchema":"43e27e138ebf9cfc5966b082cf9a028302ed4184","hash":"8dd50478e774616df2f9f6cc332ffd525b78c637"}
,"C:\\Users\\pjpen\\Documents\\projects\\joinble\\joinble-ui\\src\\components\\icons\\alertIcon.tsx": {"path":"C:\\Users\\pjpen\\Documents\\projects\\joinble\\joinble-ui\\src\\components\\icons\\alertIcon.tsx","statementMap":{"0":{"start":{"line":7,"column":51},"end":{"line":13,"column":1}},"1":{"start":{"line":8,"column":2},"end":{"line":12,"column":3}}},"fnMap":{"0":{"name":"(anonymous_0)","decl":{"start":{"line":7,"column":51},"end":{"line":7,"column":52}},"loc":{"start":{"line":7,"column":70},"end":{"line":13,"column":1}},"line":7}},"branchMap":{},"s":{"0":14,"1":0},"f":{"0":0},"b":{},"_coverageSchema":"43e27e138ebf9cfc5966b082cf9a028302ed4184","hash":"2365846a3284d9859cba44796210cf8c095d61e5"}
,"C:\\Users\\pjpen\\Documents\\projects\\joinble\\joinble-ui\\src\\components\\icons\\applicationIcon.tsx": {"path":"C:\\Users\\pjpen\\Documents\\projects\\joinble\\joinble-ui\\src\\components\\icons\\applicationIcon.tsx","statementMap":{"0":{"start":{"line":7,"column":57},"end":{"line":13,"column":1}},"1":{"start":{"line":8,"column":2},"end":{"line":12,"column":3}}},"fnMap":{"0":{"name":"(anonymous_0)","decl":{"start":{"line":7,"column":57},"end":{"line":7,"column":58}},"loc":{"start":{"line":7,"column":76},"end":{"line":13,"column":1}},"line":7}},"branchMap":{},"s":{"0":14,"1":0},"f":{"0":0},"b":{},"_coverageSchema":"43e27e138ebf9cfc5966b082cf9a028302ed4184","hash":"65b0e58e2b18df3f8de5ddea952a32e065b9aed8"}
,"C:\\Users\\pjpen\\Documents\\projects\\joinble\\joinble-ui\\src\\components\\icons\\checkboxCheckedIcon.tsx": {"path":"C:\\Users\\pjpen\\Documents\\projects\\joinble\\joinble-ui\\src\\components\\icons\\checkboxCheckedIcon.tsx","statementMap":{"0":{"start":{"line":7,"column":61},"end":{"line":15,"column":1}},"1":{"start":{"line":10,"column":2},"end":{"line":14,"column":3}}},"fnMap":{"0":{"name":"(anonymous_0)","decl":{"start":{"line":7,"column":61},"end":{"line":7,"column":62}},"loc":{"start":{"line":9,"column":6},"end":{"line":15,"column":1}},"line":9}},"branchMap":{},"s":{"0":14,"1":0},"f":{"0":0},"b":{},"_coverageSchema":"43e27e138ebf9cfc5966b082cf9a028302ed4184","hash":"5b58c3fce2d0fed1317cd1b78b2b63754ace1931"}
,"C:\\Users\\pjpen\\Documents\\projects\\joinble\\joinble-ui\\src\\components\\icons\\checkboxIcon.tsx": {"path":"C:\\Users\\pjpen\\Documents\\projects\\joinble\\joinble-ui\\src\\components\\icons\\checkboxIcon.tsx","statementMap":{"0":{"start":{"line":7,"column":54},"end":{"line":13,"column":1}},"1":{"start":{"line":8,"column":2},"end":{"line":12,"column":3}}},"fnMap":{"0":{"name":"(anonymous_0)","decl":{"start":{"line":7,"column":54},"end":{"line":7,"column":55}},"loc":{"start":{"line":7,"column":73},"end":{"line":13,"column":1}},"line":7}},"branchMap":{},"s":{"0":14,"1":8},"f":{"0":8},"b":{},"_coverageSchema":"43e27e138ebf9cfc5966b082cf9a028302ed4184","hash":"996fd5315981bb042eb7f6e0adda05c1577c0a6d"}
,"C:\\Users\\pjpen\\Documents\\projects\\joinble\\joinble-ui\\src\\components\\icons\\chevronDownIcon.tsx": {"path":"C:\\Users\\pjpen\\Documents\\projects\\joinble\\joinble-ui\\src\\components\\icons\\chevronDownIcon.tsx","statementMap":{"0":{"start":{"line":7,"column":57},"end":{"line":13,"column":1}},"1":{"start":{"line":8,"column":2},"end":{"line":12,"column":3}}},"fnMap":{"0":{"name":"(anonymous_0)","decl":{"start":{"line":7,"column":57},"end":{"line":7,"column":58}},"loc":{"start":{"line":7,"column":76},"end":{"line":13,"column":1}},"line":7}},"branchMap":{},"s":{"0":14,"1":0},"f":{"0":0},"b":{},"_coverageSchema":"43e27e138ebf9cfc5966b082cf9a028302ed4184","hash":"6ad15988ab381670cc3533446ef497ec1d0378a4"}
,"C:\\Users\\pjpen\\Documents\\projects\\joinble\\joinble-ui\\src\\components\\icons\\facebookIcon.tsx": {"path":"C:\\Users\\pjpen\\Documents\\projects\\joinble\\joinble-ui\\src\\components\\icons\\facebookIcon.tsx","statementMap":{"0":{"start":{"line":7,"column":54},"end":{"line":13,"column":1}},"1":{"start":{"line":8,"column":2},"end":{"line":12,"column":3}}},"fnMap":{"0":{"name":"(anonymous_0)","decl":{"start":{"line":7,"column":54},"end":{"line":7,"column":55}},"loc":{"start":{"line":7,"column":73},"end":{"line":13,"column":1}},"line":7}},"branchMap":{},"s":{"0":14,"1":0},"f":{"0":0},"b":{},"_coverageSchema":"43e27e138ebf9cfc5966b082cf9a028302ed4184","hash":"52c220591479481ac89d7999d6be2e368d430c1d"}
,"C:\\Users\\pjpen\\Documents\\projects\\joinble\\joinble-ui\\src\\components\\icons\\githubIcon.tsx": {"path":"C:\\Users\\pjpen\\Documents\\projects\\joinble\\joinble-ui\\src\\components\\icons\\githubIcon.tsx","statementMap":{"0":{"start":{"line":7,"column":52},"end":{"line":15,"column":1}},"1":{"start":{"line":8,"column":2},"end":{"line":14,"column":3}}},"fnMap":{"0":{"name":"(anonymous_0)","decl":{"start":{"line":7,"column":52},"end":{"line":7,"column":53}},"loc":{"start":{"line":7,"column":71},"end":{"line":15,"column":1}},"line":7}},"branchMap":{},"s":{"0":14,"1":0},"f":{"0":0},"b":{},"_coverageSchema":"43e27e138ebf9cfc5966b082cf9a028302ed4184","hash":"9383704a1836289ab0d84447b6ddd511811feab3"}
,"C:\\Users\\pjpen\\Documents\\projects\\joinble\\joinble-ui\\src\\components\\icons\\googleIcon.tsx": {"path":"C:\\Users\\pjpen\\Documents\\projects\\joinble\\joinble-ui\\src\\components\\icons\\googleIcon.tsx","statementMap":{"0":{"start":{"line":7,"column":52},"end":{"line":28,"column":1}},"1":{"start":{"line":8,"column":2},"end":{"line":27,"column":3}}},"fnMap":{"0":{"name":"(anonymous_0)","decl":{"start":{"line":7,"column":52},"end":{"line":7,"column":53}},"loc":{"start":{"line":7,"column":71},"end":{"line":28,"column":1}},"line":7}},"branchMap":{},"s":{"0":14,"1":0},"f":{"0":0},"b":{},"_coverageSchema":"43e27e138ebf9cfc5966b082cf9a028302ed4184","hash":"ee09342f927dff038c2d5624b510f6cf90cc344e"}
,"C:\\Users\\pjpen\\Documents\\projects\\joinble\\joinble-ui\\src\\components\\icons\\hamburguerIcon.tsx": {"path":"C:\\Users\\pjpen\\Documents\\projects\\joinble\\joinble-ui\\src\\components\\icons\\hamburguerIcon.tsx","statementMap":{"0":{"start":{"line":7,"column":56},"end":{"line":13,"column":1}},"1":{"start":{"line":8,"column":2},"end":{"line":12,"column":3}}},"fnMap":{"0":{"name":"(anonymous_0)","decl":{"start":{"line":7,"column":56},"end":{"line":7,"column":57}},"loc":{"start":{"line":7,"column":75},"end":{"line":13,"column":1}},"line":7}},"branchMap":{},"s":{"0":14,"1":0},"f":{"0":0},"b":{},"_coverageSchema":"43e27e138ebf9cfc5966b082cf9a028302ed4184","hash":"8f39e7addfa4cfe5f7bbb5d8c082e461fb820b55"}
,"C:\\Users\\pjpen\\Documents\\projects\\joinble\\joinble-ui\\src\\components\\icons\\helpIcon.tsx": {"path":"C:\\Users\\pjpen\\Documents\\projects\\joinble\\joinble-ui\\src\\components\\icons\\helpIcon.tsx","statementMap":{"0":{"start":{"line":7,"column":50},"end":{"line":13,"column":1}},"1":{"start":{"line":8,"column":2},"end":{"line":12,"column":3}}},"fnMap":{"0":{"name":"(anonymous_0)","decl":{"start":{"line":7,"column":50},"end":{"line":7,"column":51}},"loc":{"start":{"line":7,"column":69},"end":{"line":13,"column":1}},"line":7}},"branchMap":{},"s":{"0":14,"1":4},"f":{"0":4},"b":{},"_coverageSchema":"43e27e138ebf9cfc5966b082cf9a028302ed4184","hash":"f53d5825e4a9dcde627a18cecc8306d3e85692e6"}
,"C:\\Users\\pjpen\\Documents\\projects\\joinble\\joinble-ui\\src\\components\\icons\\hiddenIcon.tsx": {"path":"C:\\Users\\pjpen\\Documents\\projects\\joinble\\joinble-ui\\src\\components\\icons\\hiddenIcon.tsx","statementMap":{"0":{"start":{"line":7,"column":52},"end":{"line":13,"column":1}},"1":{"start":{"line":8,"column":2},"end":{"line":12,"column":3}}},"fnMap":{"0":{"name":"(anonymous_0)","decl":{"start":{"line":7,"column":52},"end":{"line":7,"column":53}},"loc":{"start":{"line":7,"column":71},"end":{"line":13,"column":1}},"line":7}},"branchMap":{},"s":{"0":14,"1":0},"f":{"0":0},"b":{},"_coverageSchema":"43e27e138ebf9cfc5966b082cf9a028302ed4184","hash":"855599c766fed3040a99b2a955fcb42874def0ea"}
,"C:\\Users\\pjpen\\Documents\\projects\\joinble\\joinble-ui\\src\\components\\icons\\index.ts": {"path":"C:\\Users\\pjpen\\Documents\\projects\\joinble\\joinble-ui\\src\\components\\icons\\index.ts","statementMap":{},"fnMap":{},"branchMap":{},"s":{},"f":{},"b":{},"_coverageSchema":"43e27e138ebf9cfc5966b082cf9a028302ed4184","hash":"fc1ab09779382287cb0b0a6151929cb896d15909"}
,"C:\\Users\\pjpen\\Documents\\projects\\joinble\\joinble-ui\\src\\components\\icons\\joinbleIcon.tsx": {"path":"C:\\Users\\pjpen\\Documents\\projects\\joinble\\joinble-ui\\src\\components\\icons\\joinbleIcon.tsx","statementMap":{"0":{"start":{"line":7,"column":60},"end":{"line":26,"column":1}},"1":{"start":{"line":8,"column":2},"end":{"line":25,"column":3}}},"fnMap":{"0":{"name":"(anonymous_0)","decl":{"start":{"line":7,"column":60},"end":{"line":7,"column":61}},"loc":{"start":{"line":7,"column":79},"end":{"line":26,"column":1}},"line":7}},"branchMap":{},"s":{"0":14,"1":0},"f":{"0":0},"b":{},"_coverageSchema":"43e27e138ebf9cfc5966b082cf9a028302ed4184","hash":"4cbf715120f00f434296fc8f7e42593a3be6634e"}
,"C:\\Users\\pjpen\\Documents\\projects\\joinble\\joinble-ui\\src\\components\\icons\\linkedinIcon.tsx": {"path":"C:\\Users\\pjpen\\Documents\\projects\\joinble\\joinble-ui\\src\\components\\icons\\linkedinIcon.tsx","statementMap":{"0":{"start":{"line":7,"column":54},"end":{"line":13,"column":1}},"1":{"start":{"line":8,"column":2},"end":{"line":12,"column":3}}},"fnMap":{"0":{"name":"(anonymous_0)","decl":{"start":{"line":7,"column":54},"end":{"line":7,"column":55}},"loc":{"start":{"line":7,"column":73},"end":{"line":13,"column":1}},"line":7}},"branchMap":{},"s":{"0":14,"1":0},"f":{"0":0},"b":{},"_coverageSchema":"43e27e138ebf9cfc5966b082cf9a028302ed4184","hash":"5c16ede94fda6d7d5077dd2dfffac148d60493d1"}
,"C:\\Users\\pjpen\\Documents\\projects\\joinble\\joinble-ui\\src\\components\\icons\\messageIcon.tsx": {"path":"C:\\Users\\pjpen\\Documents\\projects\\joinble\\joinble-ui\\src\\components\\icons\\messageIcon.tsx","statementMap":{"0":{"start":{"line":7,"column":53},"end":{"line":13,"column":1}},"1":{"start":{"line":8,"column":2},"end":{"line":12,"column":3}}},"fnMap":{"0":{"name":"(anonymous_0)","decl":{"start":{"line":7,"column":53},"end":{"line":7,"column":54}},"loc":{"start":{"line":7,"column":72},"end":{"line":13,"column":1}},"line":7}},"branchMap":{},"s":{"0":14,"1":0},"f":{"0":0},"b":{},"_coverageSchema":"43e27e138ebf9cfc5966b082cf9a028302ed4184","hash":"a506175f645689feeb2c2ebee8106bfcd2d8aa70"}
,"C:\\Users\\pjpen\\Documents\\projects\\joinble\\joinble-ui\\src\\components\\icons\\notificationIcon.tsx": {"path":"C:\\Users\\pjpen\\Documents\\projects\\joinble\\joinble-ui\\src\\components\\icons\\notificationIcon.tsx","statementMap":{"0":{"start":{"line":7,"column":58},"end":{"line":13,"column":1}},"1":{"start":{"line":8,"column":2},"end":{"line":12,"column":3}}},"fnMap":{"0":{"name":"(anonymous_0)","decl":{"start":{"line":7,"column":58},"end":{"line":7,"column":59}},"loc":{"start":{"line":7,"column":77},"end":{"line":13,"column":1}},"line":7}},"branchMap":{},"s":{"0":14,"1":0},"f":{"0":0},"b":{},"_coverageSchema":"43e27e138ebf9cfc5966b082cf9a028302ed4184","hash":"18b8468da755df208ddccabdd64cd341e1fd639b"}
,"C:\\Users\\pjpen\\Documents\\projects\\joinble\\joinble-ui\\src\\components\\icons\\searchIcon.tsx": {"path":"C:\\Users\\pjpen\\Documents\\projects\\joinble\\joinble-ui\\src\\components\\icons\\searchIcon.tsx","statementMap":{"0":{"start":{"line":7,"column":52},"end":{"line":13,"column":1}},"1":{"start":{"line":8,"column":2},"end":{"line":12,"column":3}}},"fnMap":{"0":{"name":"(anonymous_0)","decl":{"start":{"line":7,"column":52},"end":{"line":7,"column":53}},"loc":{"start":{"line":7,"column":71},"end":{"line":13,"column":1}},"line":7}},"branchMap":{},"s":{"0":14,"1":0},"f":{"0":0},"b":{},"_coverageSchema":"43e27e138ebf9cfc5966b082cf9a028302ed4184","hash":"8aada58b7fc91f3212aa94e058f8ed3ae55cb0f1"}
,"C:\\Users\\pjpen\\Documents\\projects\\joinble\\joinble-ui\\src\\components\\icons\\showIcon.tsx": {"path":"C:\\Users\\pjpen\\Documents\\projects\\joinble\\joinble-ui\\src\\components\\icons\\showIcon.tsx","statementMap":{"0":{"start":{"line":7,"column":50},"end":{"line":13,"column":1}},"1":{"start":{"line":8,"column":2},"end":{"line":12,"column":3}}},"fnMap":{"0":{"name":"(anonymous_0)","decl":{"start":{"line":7,"column":50},"end":{"line":7,"column":51}},"loc":{"start":{"line":7,"column":69},"end":{"line":13,"column":1}},"line":7}},"branchMap":{},"s":{"0":14,"1":0},"f":{"0":0},"b":{},"_coverageSchema":"43e27e138ebf9cfc5966b082cf9a028302ed4184","hash":"56ae1b2e2b36e33d4453ecd705cf1a1fa436dd27"}
,"C:\\Users\\pjpen\\Documents\\projects\\joinble\\joinble-ui\\src\\components\\icons\\twitterIcon.tsx": {"path":"C:\\Users\\pjpen\\Documents\\projects\\joinble\\joinble-ui\\src\\components\\icons\\twitterIcon.tsx","statementMap":{"0":{"start":{"line":7,"column":53},"end":{"line":13,"column":1}},"1":{"start":{"line":8,"column":2},"end":{"line":12,"column":3}}},"fnMap":{"0":{"name":"(anonymous_0)","decl":{"start":{"line":7,"column":53},"end":{"line":7,"column":54}},"loc":{"start":{"line":7,"column":72},"end":{"line":13,"column":1}},"line":7}},"branchMap":{},"s":{"0":14,"1":0},"f":{"0":0},"b":{},"_coverageSchema":"43e27e138ebf9cfc5966b082cf9a028302ed4184","hash":"a0c7a99675d92713b33326fd6802df245a9b8229"}
,"C:\\Users\\pjpen\\Documents\\projects\\joinble\\joinble-ui\\src\\components\\icons\\widgetIcon.tsx": {"path":"C:\\Users\\pjpen\\Documents\\projects\\joinble\\joinble-ui\\src\\components\\icons\\widgetIcon.tsx","statementMap":{"0":{"start":{"line":7,"column":57},"end":{"line":13,"column":1}},"1":{"start":{"line":8,"column":2},"end":{"line":12,"column":3}}},"fnMap":{"0":{"name":"(anonymous_0)","decl":{"start":{"line":7,"column":57},"end":{"line":7,"column":58}},"loc":{"start":{"line":7,"column":76},"end":{"line":13,"column":1}},"line":7}},"branchMap":{},"s":{"0":14,"1":0},"f":{"0":0},"b":{},"_coverageSchema":"43e27e138ebf9cfc5966b082cf9a028302ed4184","hash":"d50b61899dc83faeb9b73b6d4b618a8f4983007f"}
,"C:\\Users\\pjpen\\Documents\\projects\\joinble\\joinble-ui\\src\\components\\input\\Input.tsx": {"path":"C:\\Users\\pjpen\\Documents\\projects\\joinble\\joinble-ui\\src\\components\\input\\Input.tsx","statementMap":{"0":{"start":{"line":39,"column":48},"end":{"line":95,"column":1}},"1":{"start":{"line":58,"column":44},"end":{"line":58,"column":68}},"2":{"start":{"line":60,"column":36},"end":{"line":62,"column":5}},"3":{"start":{"line":61,"column":6},"end":{"line":61,"column":36}},"4":{"start":{"line":64,"column":4},"end":{"line":93,"column":5}}},"fnMap":{"0":{"name":"(anonymous_0)","decl":{"start":{"line":40,"column":2},"end":{"line":40,"column":3}},"loc":{"start":{"line":57,"column":7},"end":{"line":94,"column":3}},"line":57},"1":{"name":"(anonymous_1)","decl":{"start":{"line":60,"column":36},"end":{"line":60,"column":37}},"loc":{"start":{"line":60,"column":42},"end":{"line":62,"column":5}},"line":60}},"branchMap":{"0":{"loc":{"start":{"line":43,"column":6},"end":{"line":43,"column":19}},"type":"default-arg","locations":[{"start":{"line":43,"column":13},"end":{"line":43,"column":19}}],"line":43},"1":{"loc":{"start":{"line":68,"column":16},"end":{"line":68,"column":44}},"type":"cond-expr","locations":[{"start":{"line":68,"column":31},"end":{"line":68,"column":37}},{"start":{"line":68,"column":40},"end":{"line":68,"column":44}}],"line":68},"2":{"loc":{"start":{"line":80,"column":9},"end":{"line":87,"column":9}},"type":"binary-expr","locations":[{"start":{"line":80,"column":9},"end":{"line":80,"column":28}},{"start":{"line":81,"column":10},"end":{"line":86,"column":29}}],"line":80},"3":{"loc":{"start":{"line":83,"column":20},"end":{"line":83,"column":64}},"type":"cond-expr","locations":[{"start":{"line":83,"column":35},"end":{"line":83,"column":49}},{"start":{"line":83,"column":52},"end":{"line":83,"column":64}}],"line":83},"4":{"loc":{"start":{"line":88,"column":9},"end":{"line":88,"column":41}},"type":"binary-expr","locations":[{"start":{"line":88,"column":9},"end":{"line":88,"column":13}},{"start":{"line":88,"column":17},"end":{"line":88,"column":41}}],"line":88},"5":{"loc":{"start":{"line":89,"column":9},"end":{"line":89,"column":36}},"type":"binary-expr","locations":[{"start":{"line":89,"column":9},"end":{"line":89,"column":19}},{"start":{"line":89,"column":23},"end":{"line":89,"column":36}}],"line":89},"6":{"loc":{"start":{"line":90,"column":9},"end":{"line":90,"column":70}},"type":"binary-expr","locations":[{"start":{"line":90,"column":9},"end":{"line":90,"column":19}},{"start":{"line":90,"column":23},"end":{"line":90,"column":70}}],"line":90},"7":{"loc":{"start":{"line":91,"column":9},"end":{"line":91,"column":56}},"type":"binary-expr","locations":[{"start":{"line":91,"column":9},"end":{"line":91,"column":18}},{"start":{"line":91,"column":22},"end":{"line":91,"column":56}}],"line":91}},"s":{"0":2,"1":2,"2":2,"3":0,"4":2},"f":{"0":2,"1":0},"b":{"0":[2],"1":[0,2],"2":[2,0],"3":[0,0],"4":[2,0],"5":[2,0],"6":[2,0],"7":[2,0]},"_coverageSchema":"43e27e138ebf9cfc5966b082cf9a028302ed4184","hash":"68e337ea3bd2517a80caae7603cc37846c57d794"}
,"C:\\Users\\pjpen\\Documents\\projects\\joinble\\joinble-ui\\src\\components\\input\\InputStyle.tsx": {"path":"C:\\Users\\pjpen\\Documents\\projects\\joinble\\joinble-ui\\src\\components\\input\\InputStyle.tsx","statementMap":{"0":{"start":{"line":11,"column":23},"end":{"line":28,"column":1}},"1":{"start":{"line":20,"column":6},"end":{"line":26,"column":5}},"2":{"start":{"line":35,"column":26},"end":{"line":84,"column":1}},"3":{"start":{"line":39,"column":27},"end":{"line":43,"column":1}},"4":{"start":{"line":86,"column":21},"end":{"line":97,"column":1}},"5":{"start":{"line":99,"column":31},"end":{"line":101,"column":1}},"6":{"start":{"line":102,"column":25},"end":{"line":107,"column":1}},"7":{"start":{"line":108,"column":32},"end":{"line":116,"column":1}}},"fnMap":{"0":{"name":"(anonymous_0)","decl":{"start":{"line":19,"column":6},"end":{"line":19,"column":7}},"loc":{"start":{"line":20,"column":6},"end":{"line":26,"column":5}},"line":20},"1":{"name":"(anonymous_1)","decl":{"start":{"line":39,"column":16},"end":{"line":39,"column":17}},"loc":{"start":{"line":39,"column":27},"end":{"line":43,"column":1}},"line":39}},"branchMap":{"0":{"loc":{"start":{"line":20,"column":6},"end":{"line":26,"column":5}},"type":"binary-expr","locations":[{"start":{"line":20,"column":6},"end":{"line":20,"column":16}},{"start":{"line":21,"column":6},"end":{"line":26,"column":5}}],"line":20},"1":{"loc":{"start":{"line":41,"column":4},"end":{"line":41,"column":66}},"type":"cond-expr","locations":[{"start":{"line":41,"column":23},"end":{"line":41,"column":46}},{"start":{"line":41,"column":49},"end":{"line":41,"column":66}}],"line":41}},"s":{"0":2,"1":2,"2":2,"3":2,"4":2,"5":2,"6":2,"7":2},"f":{"0":2,"1":2},"b":{"0":[2,0],"1":[0,2]},"_coverageSchema":"43e27e138ebf9cfc5966b082cf9a028302ed4184","hash":"ab9ed25c5e1cfe163de784403062c21cd6ccef82"}
,"C:\\Users\\pjpen\\Documents\\projects\\joinble\\joinble-ui\\src\\components\\loading\\Loading.tsx": {"path":"C:\\Users\\pjpen\\Documents\\projects\\joinble\\joinble-ui\\src\\components\\loading\\Loading.tsx","statementMap":{"0":{"start":{"line":10,"column":56},"end":{"line":31,"column":1}},"1":{"start":{"line":14,"column":2},"end":{"line":30,"column":3}}},"fnMap":{"0":{"name":"(anonymous_0)","decl":{"start":{"line":10,"column":56},"end":{"line":10,"column":57}},"loc":{"start":{"line":13,"column":6},"end":{"line":31,"column":1}},"line":13}},"branchMap":{"0":{"loc":{"start":{"line":16,"column":7},"end":{"line":28,"column":7}},"type":"cond-expr","locations":[{"start":{"line":17,"column":8},"end":{"line":22,"column":18}},{"start":{"line":24,"column":8},"end":{"line":27,"column":24}}],"line":16}},"s":{"0":16,"1":0},"f":{"0":0},"b":{"0":[0,0]},"_coverageSchema":"43e27e138ebf9cfc5966b082cf9a028302ed4184","hash":"5191ca1232c4175d03041fc8933c9697288daa3b"}
,"C:\\Users\\pjpen\\Documents\\projects\\joinble\\joinble-ui\\src\\components\\loading\\LoadingStyles.tsx": {"path":"C:\\Users\\pjpen\\Documents\\projects\\joinble\\joinble-ui\\src\\components\\loading\\LoadingStyles.tsx","statementMap":{"0":{"start":{"line":4,"column":29},"end":{"line":15,"column":1}},"1":{"start":{"line":17,"column":20},"end":{"line":37,"column":1}},"2":{"start":{"line":39,"column":20},"end":{"line":43,"column":1}}},"fnMap":{},"branchMap":{},"s":{"0":16,"1":16,"2":16},"f":{},"b":{},"_coverageSchema":"43e27e138ebf9cfc5966b082cf9a028302ed4184","hash":"6b16f8a78ec530b97819798c6d7371622b295c8d"}
,"C:\\Users\\pjpen\\Documents\\projects\\joinble\\joinble-ui\\src\\components\\overlay\\Overlay.tsx": {"path":"C:\\Users\\pjpen\\Documents\\projects\\joinble\\joinble-ui\\src\\components\\overlay\\Overlay.tsx","statementMap":{"0":{"start":{"line":3,"column":23},"end":{"line":16,"column":1}}},"fnMap":{},"branchMap":{},"s":{"0":16},"f":{},"b":{},"_coverageSchema":"43e27e138ebf9cfc5966b082cf9a028302ed4184","hash":"89a28a03fdc6ffd984076139fc1cde52d429768f"}
}
