{"C:\\Proyectos personales\\Joinble-UI\\src\\Theme.ts": {"path":"C:\\Proyectos personales\\Joinble-UI\\src\\Theme.ts","statementMap":{"0":{"start":{"line":26,"column":41},"end":{"line":47,"column":1}}},"fnMap":{},"branchMap":{},"s":{"0":30},"f":{},"b":{},"_coverageSchema":"43e27e138ebf9cfc5966b082cf9a028302ed4184","hash":"a9cb4072a321ffaf89e9dd99a35de7e2f9f54ca5"}
,"C:\\Proyectos personales\\Joinble-UI\\src\\components\\badgets\\Badgets.tsx": {"path":"C:\\Proyectos personales\\Joinble-UI\\src\\components\\badgets\\Badgets.tsx","statementMap":{"0":{"start":{"line":9,"column":56},"end":{"line":18,"column":1}},"1":{"start":{"line":13,"column":2},"end":{"line":17,"column":3}}},"fnMap":{"0":{"name":"(anonymous_0)","decl":{"start":{"line":9,"column":56},"end":{"line":9,"column":57}},"loc":{"start":{"line":12,"column":6},"end":{"line":18,"column":1}},"line":12}},"branchMap":{"0":{"loc":{"start":{"line":15,"column":7},"end":{"line":15,"column":60}},"type":"binary-expr","locations":[{"start":{"line":15,"column":7},"end":{"line":15,"column":13}},{"start":{"line":15,"column":17},"end":{"line":15,"column":60}}],"line":15},"1":{"loc":{"start":{"line":15,"column":24},"end":{"line":15,"column":52}},"type":"cond-expr","locations":[{"start":{"line":15,"column":38},"end":{"line":15,"column":43}},{"start":{"line":15,"column":46},"end":{"line":15,"column":52}}],"line":15}},"s":{"0":6,"1":0},"f":{"0":0},"b":{"0":[0,0],"1":[0,0]},"_coverageSchema":"43e27e138ebf9cfc5966b082cf9a028302ed4184","hash":"55df32de91e4361f0a49bbe12c397f91299b2457"}
,"C:\\Proyectos personales\\Joinble-UI\\src\\components\\badgets\\BadgetsStyles.tsx": {"path":"C:\\Proyectos personales\\Joinble-UI\\src\\components\\badgets\\BadgetsStyles.tsx","statementMap":{"0":{"start":{"line":7,"column":28},"end":{"line":23,"column":1}},"1":{"start":{"line":8,"column":33},"end":{"line":8,"column":62}},"2":{"start":{"line":16,"column":4},"end":{"line":16,"column":58}},"3":{"start":{"line":19,"column":24},"end":{"line":19,"column":56}}},"fnMap":{"0":{"name":"(anonymous_0)","decl":{"start":{"line":8,"column":22},"end":{"line":8,"column":23}},"loc":{"start":{"line":8,"column":33},"end":{"line":8,"column":62}},"line":8},"1":{"name":"(anonymous_1)","decl":{"start":{"line":15,"column":19},"end":{"line":15,"column":20}},"loc":{"start":{"line":16,"column":4},"end":{"line":16,"column":58}},"line":16},"2":{"name":"(anonymous_2)","decl":{"start":{"line":19,"column":13},"end":{"line":19,"column":14}},"loc":{"start":{"line":19,"column":24},"end":{"line":19,"column":56}},"line":19}},"branchMap":{"0":{"loc":{"start":{"line":16,"column":4},"end":{"line":16,"column":58}},"type":"cond-expr","locations":[{"start":{"line":16,"column":39},"end":{"line":16,"column":49}},{"start":{"line":16,"column":52},"end":{"line":16,"column":58}}],"line":16},"1":{"loc":{"start":{"line":16,"column":4},"end":{"line":16,"column":36}},"type":"binary-expr","locations":[{"start":{"line":16,"column":4},"end":{"line":16,"column":16}},{"start":{"line":16,"column":20},"end":{"line":16,"column":36}}],"line":16}},"s":{"0":6,"1":0,"2":0,"3":0},"f":{"0":0,"1":0,"2":0},"b":{"0":[0,0],"1":[0,0]},"_coverageSchema":"43e27e138ebf9cfc5966b082cf9a028302ed4184","hash":"f5566af4d684c6fd16e0d7d1ce502912807eb19d"}
,"C:\\Proyectos personales\\Joinble-UI\\src\\components\\button\\Button.tsx": {"path":"C:\\Proyectos personales\\Joinble-UI\\src\\components\\button\\Button.tsx","statementMap":{"0":{"start":{"line":20,"column":55},"end":{"line":39,"column":1}},"1":{"start":{"line":28,"column":2},"end":{"line":38,"column":3}}},"fnMap":{"0":{"name":"(anonymous_0)","decl":{"start":{"line":20,"column":55},"end":{"line":20,"column":56}},"loc":{"start":{"line":27,"column":6},"end":{"line":39,"column":1}},"line":27}},"branchMap":{"0":{"loc":{"start":{"line":21,"column":2},"end":{"line":21,"column":17}},"type":"default-arg","locations":[{"start":{"line":21,"column":9},"end":{"line":21,"column":17}}],"line":21},"1":{"loc":{"start":{"line":30,"column":7},"end":{"line":34,"column":10}},"type":"binary-expr","locations":[{"start":{"line":30,"column":7},"end":{"line":30,"column":15}},{"start":{"line":31,"column":8},"end":{"line":31,"column":12}},{"start":{"line":32,"column":8},"end":{"line":34,"column":10}}],"line":30},"2":{"loc":{"start":{"line":35,"column":7},"end":{"line":35,"column":39}},"type":"binary-expr","locations":[{"start":{"line":35,"column":7},"end":{"line":35,"column":15}},{"start":{"line":35,"column":19},"end":{"line":35,"column":27}},{"start":{"line":35,"column":31},"end":{"line":35,"column":39}}],"line":35},"3":{"loc":{"start":{"line":36,"column":7},"end":{"line":36,"column":29}},"type":"binary-expr","locations":[{"start":{"line":36,"column":7},"end":{"line":36,"column":14}},{"start":{"line":36,"column":18},"end":{"line":36,"column":29}}],"line":36}},"s":{"0":6,"1":6},"f":{"0":6},"b":{"0":[6],"1":[6,6,0],"2":[6,6,6],"3":[6,0]},"_coverageSchema":"43e27e138ebf9cfc5966b082cf9a028302ed4184","hash":"7221fc5406d6ceb40312c57a98daea4924b591c8"}
,"C:\\Proyectos personales\\Joinble-UI\\src\\components\\button\\ButtonIcon.tsx": {"path":"C:\\Proyectos personales\\Joinble-UI\\src\\components\\button\\ButtonIcon.tsx","statementMap":{"0":{"start":{"line":15,"column":26},"end":{"line":33,"column":1}},"1":{"start":{"line":21,"column":2},"end":{"line":32,"column":3}}},"fnMap":{"0":{"name":"(anonymous_0)","decl":{"start":{"line":15,"column":26},"end":{"line":15,"column":27}},"loc":{"start":{"line":20,"column":14},"end":{"line":33,"column":1}},"line":20}},"branchMap":{"0":{"loc":{"start":{"line":18,"column":2},"end":{"line":18,"column":17}},"type":"default-arg","locations":[{"start":{"line":18,"column":9},"end":{"line":18,"column":17}}],"line":18},"1":{"loc":{"start":{"line":23,"column":7},"end":{"line":30,"column":7}},"type":"cond-expr","locations":[{"start":{"line":24,"column":8},"end":{"line":27,"column":25}},{"start":{"line":29,"column":8},"end":{"line":29,"column":32}}],"line":23}},"s":{"0":6,"1":0},"f":{"0":0},"b":{"0":[0],"1":[0,0]},"_coverageSchema":"43e27e138ebf9cfc5966b082cf9a028302ed4184","hash":"f29a5f6605c6595e80b01379347f4e5a3d4c61f1"}
,"C:\\Proyectos personales\\Joinble-UI\\src\\components\\button\\ButtonIconStyles.tsx": {"path":"C:\\Proyectos personales\\Joinble-UI\\src\\components\\button\\ButtonIconStyles.tsx","statementMap":{"0":{"start":{"line":11,"column":31},"end":{"line":39,"column":1}},"1":{"start":{"line":14,"column":26},"end":{"line":14,"column":68}},"2":{"start":{"line":16,"column":4},"end":{"line":20,"column":39}},"3":{"start":{"line":26,"column":6},"end":{"line":28,"column":54}},"4":{"start":{"line":41,"column":29},"end":{"line":45,"column":1}}},"fnMap":{"0":{"name":"(anonymous_0)","decl":{"start":{"line":14,"column":14},"end":{"line":14,"column":15}},"loc":{"start":{"line":14,"column":26},"end":{"line":14,"column":68}},"line":14},"1":{"name":"(anonymous_1)","decl":{"start":{"line":15,"column":10},"end":{"line":15,"column":11}},"loc":{"start":{"line":16,"column":4},"end":{"line":20,"column":39}},"line":16},"2":{"name":"(anonymous_2)","decl":{"start":{"line":25,"column":12},"end":{"line":25,"column":13}},"loc":{"start":{"line":26,"column":6},"end":{"line":28,"column":54}},"line":26}},"branchMap":{"0":{"loc":{"start":{"line":14,"column":26},"end":{"line":14,"column":68}},"type":"cond-expr","locations":[{"start":{"line":14,"column":48},"end":{"line":14,"column":58}},{"start":{"line":14,"column":61},"end":{"line":14,"column":68}}],"line":14},"1":{"loc":{"start":{"line":16,"column":4},"end":{"line":20,"column":39}},"type":"cond-expr","locations":[{"start":{"line":17,"column":8},"end":{"line":17,"column":40}},{"start":{"line":18,"column":8},"end":{"line":20,"column":39}}],"line":16},"2":{"loc":{"start":{"line":18,"column":8},"end":{"line":20,"column":39}},"type":"cond-expr","locations":[{"start":{"line":19,"column":8},"end":{"line":19,"column":36}},{"start":{"line":20,"column":8},"end":{"line":20,"column":39}}],"line":18},"3":{"loc":{"start":{"line":26,"column":6},"end":{"line":28,"column":54}},"type":"cond-expr","locations":[{"start":{"line":27,"column":10},"end":{"line":27,"column":41}},{"start":{"line":28,"column":10},"end":{"line":28,"column":54}}],"line":26},"4":{"loc":{"start":{"line":26,"column":6},"end":{"line":26,"column":39}},"type":"binary-expr","locations":[{"start":{"line":26,"column":6},"end":{"line":26,"column":20}},{"start":{"line":26,"column":24},"end":{"line":26,"column":39}}],"line":26}},"s":{"0":6,"1":0,"2":0,"3":0,"4":6},"f":{"0":0,"1":0,"2":0},"b":{"0":[0,0],"1":[0,0],"2":[0,0],"3":[0,0],"4":[0,0]},"_coverageSchema":"43e27e138ebf9cfc5966b082cf9a028302ed4184","hash":"bee4a5dd2f613dbcebd1eea5352e98faf19dd458"}
,"C:\\Proyectos personales\\Joinble-UI\\src\\components\\button\\ButtonStyles.tsx": {"path":"C:\\Proyectos personales\\Joinble-UI\\src\\components\\button\\ButtonStyles.tsx","statementMap":{"0":{"start":{"line":14,"column":28},"end":{"line":92,"column":1}},"1":{"start":{"line":16,"column":4},"end":{"line":24,"column":39}},"2":{"start":{"line":27,"column":6},"end":{"line":27,"column":71}},"3":{"start":{"line":38,"column":4},"end":{"line":40,"column":40}},"4":{"start":{"line":42,"column":4},"end":{"line":44,"column":40}},"5":{"start":{"line":46,"column":25},"end":{"line":46,"column":66}},"6":{"start":{"line":55,"column":8},"end":{"line":57,"column":43}},"7":{"start":{"line":59,"column":8},"end":{"line":61,"column":44}},"8":{"start":{"line":63,"column":8},"end":{"line":65,"column":44}},"9":{"start":{"line":71,"column":6},"end":{"line":79,"column":54}},"10":{"start":{"line":80,"column":24},"end":{"line":80,"column":56}},"11":{"start":{"line":81,"column":23},"end":{"line":81,"column":55}},"12":{"start":{"line":87,"column":39},"end":{"line":87,"column":69}},"13":{"start":{"line":94,"column":26},"end":{"line":98,"column":1}}},"fnMap":{"0":{"name":"(anonymous_0)","decl":{"start":{"line":15,"column":22},"end":{"line":15,"column":23}},"loc":{"start":{"line":16,"column":4},"end":{"line":24,"column":39}},"line":16},"1":{"name":"(anonymous_1)","decl":{"start":{"line":26,"column":6},"end":{"line":26,"column":7}},"loc":{"start":{"line":27,"column":6},"end":{"line":27,"column":71}},"line":27},"2":{"name":"(anonymous_2)","decl":{"start":{"line":37,"column":11},"end":{"line":37,"column":12}},"loc":{"start":{"line":38,"column":4},"end":{"line":40,"column":40}},"line":38},"3":{"name":"(anonymous_3)","decl":{"start":{"line":41,"column":10},"end":{"line":41,"column":11}},"loc":{"start":{"line":42,"column":4},"end":{"line":44,"column":40}},"line":42},"4":{"name":"(anonymous_4)","decl":{"start":{"line":46,"column":13},"end":{"line":46,"column":14}},"loc":{"start":{"line":46,"column":25},"end":{"line":46,"column":66}},"line":46},"5":{"name":"(anonymous_5)","decl":{"start":{"line":54,"column":26},"end":{"line":54,"column":27}},"loc":{"start":{"line":55,"column":8},"end":{"line":57,"column":43}},"line":55},"6":{"name":"(anonymous_6)","decl":{"start":{"line":58,"column":15},"end":{"line":58,"column":16}},"loc":{"start":{"line":59,"column":8},"end":{"line":61,"column":44}},"line":59},"7":{"name":"(anonymous_7)","decl":{"start":{"line":62,"column":14},"end":{"line":62,"column":15}},"loc":{"start":{"line":63,"column":8},"end":{"line":65,"column":44}},"line":63},"8":{"name":"(anonymous_8)","decl":{"start":{"line":70,"column":24},"end":{"line":70,"column":25}},"loc":{"start":{"line":71,"column":6},"end":{"line":79,"column":54}},"line":71},"9":{"name":"(anonymous_9)","decl":{"start":{"line":80,"column":13},"end":{"line":80,"column":14}},"loc":{"start":{"line":80,"column":24},"end":{"line":80,"column":56}},"line":80},"10":{"name":"(anonymous_10)","decl":{"start":{"line":81,"column":12},"end":{"line":81,"column":13}},"loc":{"start":{"line":81,"column":23},"end":{"line":81,"column":55}},"line":81},"11":{"name":"(anonymous_11)","decl":{"start":{"line":87,"column":28},"end":{"line":87,"column":29}},"loc":{"start":{"line":87,"column":39},"end":{"line":87,"column":69}},"line":87}},"branchMap":{"0":{"loc":{"start":{"line":16,"column":4},"end":{"line":24,"column":39}},"type":"cond-expr","locations":[{"start":{"line":17,"column":8},"end":{"line":17,"column":40}},{"start":{"line":18,"column":8},"end":{"line":24,"column":39}}],"line":16},"1":{"loc":{"start":{"line":18,"column":8},"end":{"line":24,"column":39}},"type":"cond-expr","locations":[{"start":{"line":19,"column":8},"end":{"line":19,"column":37}},{"start":{"line":20,"column":8},"end":{"line":24,"column":39}}],"line":18},"2":{"loc":{"start":{"line":20,"column":8},"end":{"line":24,"column":39}},"type":"cond-expr","locations":[{"start":{"line":21,"column":8},"end":{"line":21,"column":39}},{"start":{"line":22,"column":8},"end":{"line":24,"column":39}}],"line":20},"3":{"loc":{"start":{"line":22,"column":8},"end":{"line":24,"column":39}},"type":"cond-expr","locations":[{"start":{"line":23,"column":8},"end":{"line":23,"column":39}},{"start":{"line":24,"column":8},"end":{"line":24,"column":39}}],"line":22},"4":{"loc":{"start":{"line":27,"column":6},"end":{"line":27,"column":71}},"type":"cond-expr","locations":[{"start":{"line":27,"column":24},"end":{"line":27,"column":55}},{"start":{"line":27,"column":58},"end":{"line":27,"column":71}}],"line":27},"5":{"loc":{"start":{"line":38,"column":4},"end":{"line":40,"column":40}},"type":"cond-expr","locations":[{"start":{"line":39,"column":8},"end":{"line":39,"column":39}},{"start":{"line":40,"column":8},"end":{"line":40,"column":40}}],"line":38},"6":{"loc":{"start":{"line":42,"column":4},"end":{"line":44,"column":40}},"type":"cond-expr","locations":[{"start":{"line":43,"column":8},"end":{"line":43,"column":39}},{"start":{"line":44,"column":8},"end":{"line":44,"column":40}}],"line":42},"7":{"loc":{"start":{"line":46,"column":25},"end":{"line":46,"column":66}},"type":"cond-expr","locations":[{"start":{"line":46,"column":38},"end":{"line":46,"column":55}},{"start":{"line":46,"column":58},"end":{"line":46,"column":66}}],"line":46},"8":{"loc":{"start":{"line":55,"column":8},"end":{"line":57,"column":43}},"type":"cond-expr","locations":[{"start":{"line":56,"column":12},"end":{"line":56,"column":44}},{"start":{"line":57,"column":12},"end":{"line":57,"column":43}}],"line":55},"9":{"loc":{"start":{"line":59,"column":8},"end":{"line":61,"column":44}},"type":"cond-expr","locations":[{"start":{"line":60,"column":12},"end":{"line":60,"column":43}},{"start":{"line":61,"column":12},"end":{"line":61,"column":44}}],"line":59},"10":{"loc":{"start":{"line":63,"column":8},"end":{"line":65,"column":44}},"type":"cond-expr","locations":[{"start":{"line":64,"column":12},"end":{"line":64,"column":43}},{"start":{"line":65,"column":12},"end":{"line":65,"column":44}}],"line":63},"11":{"loc":{"start":{"line":71,"column":6},"end":{"line":79,"column":54}},"type":"cond-expr","locations":[{"start":{"line":72,"column":10},"end":{"line":72,"column":41}},{"start":{"line":73,"column":10},"end":{"line":79,"column":54}}],"line":71},"12":{"loc":{"start":{"line":73,"column":10},"end":{"line":79,"column":54}},"type":"cond-expr","locations":[{"start":{"line":74,"column":10},"end":{"line":74,"column":52}},{"start":{"line":75,"column":10},"end":{"line":79,"column":54}}],"line":73},"13":{"loc":{"start":{"line":75,"column":10},"end":{"line":79,"column":54}},"type":"cond-expr","locations":[{"start":{"line":76,"column":10},"end":{"line":76,"column":54}},{"start":{"line":77,"column":10},"end":{"line":79,"column":54}}],"line":75},"14":{"loc":{"start":{"line":77,"column":10},"end":{"line":79,"column":54}},"type":"cond-expr","locations":[{"start":{"line":78,"column":10},"end":{"line":78,"column":54}},{"start":{"line":79,"column":10},"end":{"line":79,"column":54}}],"line":77}},"s":{"0":6,"1":6,"2":6,"3":6,"4":6,"5":6,"6":6,"7":6,"8":6,"9":6,"10":6,"11":6,"12":6,"13":6},"f":{"0":6,"1":6,"2":6,"3":6,"4":6,"5":6,"6":6,"7":6,"8":6,"9":6,"10":6,"11":6},"b":{"0":[0,6],"1":[0,6],"2":[0,6],"3":[0,6],"4":[0,6],"5":[0,6],"6":[0,6],"7":[0,6],"8":[0,6],"9":[0,6],"10":[0,6],"11":[0,6],"12":[0,6],"13":[0,6],"14":[0,6]},"_coverageSchema":"43e27e138ebf9cfc5966b082cf9a028302ed4184","hash":"5031129ae76616f9794afea6ce01ef77a1ddbbe7"}
,"C:\\Proyectos personales\\Joinble-UI\\src\\components\\checkbox\\Checkbox.tsx": {"path":"C:\\Proyectos personales\\Joinble-UI\\src\\components\\checkbox\\Checkbox.tsx","statementMap":{"0":{"start":{"line":18,"column":51},"end":{"line":59,"column":1}},"1":{"start":{"line":33,"column":4},"end":{"line":57,"column":5}}},"fnMap":{"0":{"name":"(anonymous_0)","decl":{"start":{"line":19,"column":2},"end":{"line":19,"column":3}},"loc":{"start":{"line":32,"column":7},"end":{"line":58,"column":3}},"line":32}},"branchMap":{"0":{"loc":{"start":{"line":35,"column":9},"end":{"line":39,"column":9}},"type":"binary-expr","locations":[{"start":{"line":35,"column":9},"end":{"line":35,"column":18}},{"start":{"line":36,"column":10},"end":{"line":38,"column":18}}],"line":35},"1":{"loc":{"start":{"line":50,"column":9},"end":{"line":50,"column":61}},"type":"cond-expr","locations":[{"start":{"line":50,"column":19},"end":{"line":50,"column":42}},{"start":{"line":50,"column":45},"end":{"line":50,"column":61}}],"line":50},"2":{"loc":{"start":{"line":51,"column":9},"end":{"line":55,"column":9}},"type":"binary-expr","locations":[{"start":{"line":51,"column":9},"end":{"line":51,"column":19}},{"start":{"line":52,"column":10},"end":{"line":54,"column":18}}],"line":51}},"s":{"0":6,"1":5},"f":{"0":5},"b":{"0":[5,5],"1":[0,5],"2":[5,0]},"_coverageSchema":"43e27e138ebf9cfc5966b082cf9a028302ed4184","hash":"4c3d5984c69311fcca96135cd63556aef0a0d793"}
,"C:\\Proyectos personales\\Joinble-UI\\src\\components\\checkbox\\CheckboxStyles.tsx": {"path":"C:\\Proyectos personales\\Joinble-UI\\src\\components\\checkbox\\CheckboxStyles.tsx","statementMap":{"0":{"start":{"line":9,"column":30},"end":{"line":16,"column":1}},"1":{"start":{"line":18,"column":21},"end":{"line":28,"column":1}},"2":{"start":{"line":19,"column":26},"end":{"line":19,"column":58}},"3":{"start":{"line":20,"column":22},"end":{"line":20,"column":50}},"4":{"start":{"line":21,"column":30},"end":{"line":21,"column":60}},"5":{"start":{"line":22,"column":29},"end":{"line":22,"column":60}},"6":{"start":{"line":23,"column":24},"end":{"line":23,"column":62}},"7":{"start":{"line":33,"column":33},"end":{"line":50,"column":1}},"8":{"start":{"line":36,"column":24},"end":{"line":36,"column":62}},"9":{"start":{"line":37,"column":25},"end":{"line":37,"column":51}},"10":{"start":{"line":40,"column":23},"end":{"line":40,"column":54}},"11":{"start":{"line":45,"column":8},"end":{"line":47,"column":40}}},"fnMap":{"0":{"name":"(anonymous_0)","decl":{"start":{"line":19,"column":15},"end":{"line":19,"column":16}},"loc":{"start":{"line":19,"column":26},"end":{"line":19,"column":58}},"line":19},"1":{"name":"(anonymous_1)","decl":{"start":{"line":20,"column":11},"end":{"line":20,"column":12}},"loc":{"start":{"line":20,"column":22},"end":{"line":20,"column":50}},"line":20},"2":{"name":"(anonymous_2)","decl":{"start":{"line":21,"column":18},"end":{"line":21,"column":19}},"loc":{"start":{"line":21,"column":30},"end":{"line":21,"column":60}},"line":21},"3":{"name":"(anonymous_3)","decl":{"start":{"line":22,"column":17},"end":{"line":22,"column":18}},"loc":{"start":{"line":22,"column":29},"end":{"line":22,"column":60}},"line":22},"4":{"name":"(anonymous_4)","decl":{"start":{"line":23,"column":12},"end":{"line":23,"column":13}},"loc":{"start":{"line":23,"column":24},"end":{"line":23,"column":62}},"line":23},"5":{"name":"(anonymous_5)","decl":{"start":{"line":36,"column":12},"end":{"line":36,"column":13}},"loc":{"start":{"line":36,"column":24},"end":{"line":36,"column":62}},"line":36},"6":{"name":"(anonymous_6)","decl":{"start":{"line":37,"column":13},"end":{"line":37,"column":14}},"loc":{"start":{"line":37,"column":25},"end":{"line":37,"column":51}},"line":37},"7":{"name":"(anonymous_7)","decl":{"start":{"line":40,"column":12},"end":{"line":40,"column":13}},"loc":{"start":{"line":40,"column":23},"end":{"line":40,"column":54}},"line":40},"8":{"name":"(anonymous_8)","decl":{"start":{"line":44,"column":15},"end":{"line":44,"column":16}},"loc":{"start":{"line":45,"column":8},"end":{"line":47,"column":40}},"line":45}},"branchMap":{"0":{"loc":{"start":{"line":21,"column":30},"end":{"line":21,"column":60}},"type":"cond-expr","locations":[{"start":{"line":21,"column":48},"end":{"line":21,"column":56}},{"start":{"line":21,"column":59},"end":{"line":21,"column":60}}],"line":21},"1":{"loc":{"start":{"line":22,"column":29},"end":{"line":22,"column":60}},"type":"cond-expr","locations":[{"start":{"line":22,"column":48},"end":{"line":22,"column":56}},{"start":{"line":22,"column":59},"end":{"line":22,"column":60}}],"line":22},"2":{"loc":{"start":{"line":23,"column":24},"end":{"line":23,"column":62}},"type":"cond-expr","locations":[{"start":{"line":23,"column":41},"end":{"line":23,"column":50}},{"start":{"line":23,"column":53},"end":{"line":23,"column":62}}],"line":23},"3":{"loc":{"start":{"line":36,"column":24},"end":{"line":36,"column":62}},"type":"cond-expr","locations":[{"start":{"line":36,"column":41},"end":{"line":36,"column":50}},{"start":{"line":36,"column":53},"end":{"line":36,"column":62}}],"line":36},"4":{"loc":{"start":{"line":37,"column":25},"end":{"line":37,"column":51}},"type":"cond-expr","locations":[{"start":{"line":37,"column":42},"end":{"line":37,"column":47}},{"start":{"line":37,"column":50},"end":{"line":37,"column":51}}],"line":37},"5":{"loc":{"start":{"line":45,"column":8},"end":{"line":47,"column":40}},"type":"cond-expr","locations":[{"start":{"line":46,"column":12},"end":{"line":46,"column":43}},{"start":{"line":47,"column":12},"end":{"line":47,"column":40}}],"line":45}},"s":{"0":6,"1":6,"2":5,"3":5,"4":5,"5":5,"6":5,"7":6,"8":5,"9":5,"10":5,"11":5},"f":{"0":5,"1":5,"2":5,"3":5,"4":5,"5":5,"6":5,"7":5,"8":5},"b":{"0":[5,0],"1":[0,5],"2":[0,5],"3":[0,5],"4":[0,5],"5":[5,0]},"_coverageSchema":"43e27e138ebf9cfc5966b082cf9a028302ed4184","hash":"5e68cc25898608b8033d332999acbf0edb0416bb"}
,"C:\\Proyectos personales\\Joinble-UI\\src\\components\\errorLabel\\ErrorLabel.tsx": {"path":"C:\\Proyectos personales\\Joinble-UI\\src\\components\\errorLabel\\ErrorLabel.tsx","statementMap":{"0":{"start":{"line":9,"column":59},"end":{"line":25,"column":1}},"1":{"start":{"line":13,"column":16},"end":{"line":22,"column":3}},"2":{"start":{"line":14,"column":28},"end":{"line":14,"column":59}},"3":{"start":{"line":17,"column":24},"end":{"line":17,"column":53}},"4":{"start":{"line":24,"column":2},"end":{"line":24,"column":56}}},"fnMap":{"0":{"name":"(anonymous_0)","decl":{"start":{"line":9,"column":59},"end":{"line":9,"column":60}},"loc":{"start":{"line":12,"column":6},"end":{"line":25,"column":1}},"line":12},"1":{"name":"(anonymous_1)","decl":{"start":{"line":14,"column":17},"end":{"line":14,"column":18}},"loc":{"start":{"line":14,"column":28},"end":{"line":14,"column":59}},"line":14},"2":{"name":"(anonymous_2)","decl":{"start":{"line":17,"column":13},"end":{"line":17,"column":14}},"loc":{"start":{"line":17,"column":24},"end":{"line":17,"column":53}},"line":17}},"branchMap":{},"s":{"0":12,"1":4,"2":4,"3":4,"4":4},"f":{"0":4,"1":4,"2":4},"b":{},"_coverageSchema":"43e27e138ebf9cfc5966b082cf9a028302ed4184","hash":"681d6ace5fb8b1772ed3e5ea3ada91f6e735ba50"}
,"C:\\Proyectos personales\\Joinble-UI\\src\\components\\helpLabel\\HelpLabel.tsx": {"path":"C:\\Proyectos personales\\Joinble-UI\\src\\components\\helpLabel\\HelpLabel.tsx","statementMap":{"0":{"start":{"line":10,"column":58},"end":{"line":39,"column":1}},"1":{"start":{"line":14,"column":22},"end":{"line":31,"column":3}},"2":{"start":{"line":23,"column":25},"end":{"line":23,"column":53}},"3":{"start":{"line":26,"column":26},"end":{"line":26,"column":54}},"4":{"start":{"line":27,"column":30},"end":{"line":27,"column":61}},"5":{"start":{"line":33,"column":2},"end":{"line":38,"column":3}}},"fnMap":{"0":{"name":"(anonymous_0)","decl":{"start":{"line":10,"column":58},"end":{"line":10,"column":59}},"loc":{"start":{"line":13,"column":6},"end":{"line":39,"column":1}},"line":13},"1":{"name":"(anonymous_1)","decl":{"start":{"line":23,"column":14},"end":{"line":23,"column":15}},"loc":{"start":{"line":23,"column":25},"end":{"line":23,"column":53}},"line":23},"2":{"name":"(anonymous_2)","decl":{"start":{"line":26,"column":15},"end":{"line":26,"column":16}},"loc":{"start":{"line":26,"column":26},"end":{"line":26,"column":54}},"line":26},"3":{"name":"(anonymous_3)","decl":{"start":{"line":27,"column":19},"end":{"line":27,"column":20}},"loc":{"start":{"line":27,"column":30},"end":{"line":27,"column":61}},"line":27}},"branchMap":{},"s":{"0":12,"1":3,"2":3,"3":3,"4":3,"5":3},"f":{"0":3,"1":3,"2":3,"3":3},"b":{},"_coverageSchema":"43e27e138ebf9cfc5966b082cf9a028302ed4184","hash":"ca0cace241f468672af1916050adf121e8967251"}
,"C:\\Proyectos personales\\Joinble-UI\\src\\components\\icons\\alertIcon.tsx": {"path":"C:\\Proyectos personales\\Joinble-UI\\src\\components\\icons\\alertIcon.tsx","statementMap":{"0":{"start":{"line":7,"column":51},"end":{"line":13,"column":1}},"1":{"start":{"line":8,"column":2},"end":{"line":12,"column":3}}},"fnMap":{"0":{"name":"(anonymous_0)","decl":{"start":{"line":7,"column":51},"end":{"line":7,"column":52}},"loc":{"start":{"line":7,"column":70},"end":{"line":13,"column":1}},"line":7}},"branchMap":{},"s":{"0":18,"1":0},"f":{"0":0},"b":{},"_coverageSchema":"43e27e138ebf9cfc5966b082cf9a028302ed4184","hash":"45401155d30a1dc116be0a21d323422272319cc8"}
,"C:\\Proyectos personales\\Joinble-UI\\src\\components\\icons\\androidIcon.tsx": {"path":"C:\\Proyectos personales\\Joinble-UI\\src\\components\\icons\\androidIcon.tsx","statementMap":{"0":{"start":{"line":7,"column":20},"end":{"line":16,"column":1}},"1":{"start":{"line":8,"column":2},"end":{"line":15,"column":3}}},"fnMap":{"0":{"name":"(anonymous_0)","decl":{"start":{"line":7,"column":20},"end":{"line":7,"column":21}},"loc":{"start":{"line":7,"column":47},"end":{"line":16,"column":1}},"line":7}},"branchMap":{},"s":{"0":18,"1":0},"f":{"0":0},"b":{},"_coverageSchema":"43e27e138ebf9cfc5966b082cf9a028302ed4184","hash":"329d0b7a0d9948de30a4738fa8ca2ac09b685838"}
,"C:\\Proyectos personales\\Joinble-UI\\src\\components\\icons\\appleIcon.tsx": {"path":"C:\\Proyectos personales\\Joinble-UI\\src\\components\\icons\\appleIcon.tsx","statementMap":{"0":{"start":{"line":7,"column":18},"end":{"line":13,"column":1}},"1":{"start":{"line":8,"column":2},"end":{"line":12,"column":3}}},"fnMap":{"0":{"name":"(anonymous_0)","decl":{"start":{"line":7,"column":18},"end":{"line":7,"column":19}},"loc":{"start":{"line":7,"column":45},"end":{"line":13,"column":1}},"line":7}},"branchMap":{},"s":{"0":18,"1":0},"f":{"0":0},"b":{},"_coverageSchema":"43e27e138ebf9cfc5966b082cf9a028302ed4184","hash":"300b66e8d325115e10ab7823459faad61fdca4f9"}
,"C:\\Proyectos personales\\Joinble-UI\\src\\components\\icons\\applicationIcon.tsx": {"path":"C:\\Proyectos personales\\Joinble-UI\\src\\components\\icons\\applicationIcon.tsx","statementMap":{"0":{"start":{"line":7,"column":57},"end":{"line":13,"column":1}},"1":{"start":{"line":8,"column":2},"end":{"line":12,"column":3}}},"fnMap":{"0":{"name":"(anonymous_0)","decl":{"start":{"line":7,"column":57},"end":{"line":7,"column":58}},"loc":{"start":{"line":7,"column":76},"end":{"line":13,"column":1}},"line":7}},"branchMap":{},"s":{"0":18,"1":0},"f":{"0":0},"b":{},"_coverageSchema":"43e27e138ebf9cfc5966b082cf9a028302ed4184","hash":"e63990aae651c391c5cbfe1d0d16d661d0d90a06"}
,"C:\\Proyectos personales\\Joinble-UI\\src\\components\\icons\\checkboxCheckedIcon.tsx": {"path":"C:\\Proyectos personales\\Joinble-UI\\src\\components\\icons\\checkboxCheckedIcon.tsx","statementMap":{"0":{"start":{"line":7,"column":61},"end":{"line":15,"column":1}},"1":{"start":{"line":10,"column":2},"end":{"line":14,"column":3}}},"fnMap":{"0":{"name":"(anonymous_0)","decl":{"start":{"line":7,"column":61},"end":{"line":7,"column":62}},"loc":{"start":{"line":9,"column":6},"end":{"line":15,"column":1}},"line":9}},"branchMap":{},"s":{"0":18,"1":0},"f":{"0":0},"b":{},"_coverageSchema":"43e27e138ebf9cfc5966b082cf9a028302ed4184","hash":"f757f4659fdf27eb556f7d5c46418344abae7b79"}
,"C:\\Proyectos personales\\Joinble-UI\\src\\components\\icons\\checkboxIcon.tsx": {"path":"C:\\Proyectos personales\\Joinble-UI\\src\\components\\icons\\checkboxIcon.tsx","statementMap":{"0":{"start":{"line":7,"column":54},"end":{"line":13,"column":1}},"1":{"start":{"line":8,"column":2},"end":{"line":12,"column":3}}},"fnMap":{"0":{"name":"(anonymous_0)","decl":{"start":{"line":7,"column":54},"end":{"line":7,"column":55}},"loc":{"start":{"line":7,"column":73},"end":{"line":13,"column":1}},"line":7}},"branchMap":{},"s":{"0":18,"1":5},"f":{"0":5},"b":{},"_coverageSchema":"43e27e138ebf9cfc5966b082cf9a028302ed4184","hash":"20f19eb355ba188fabb1097c42181206cabb1bdc"}
,"C:\\Proyectos personales\\Joinble-UI\\src\\components\\icons\\chevronDownIcon.tsx": {"path":"C:\\Proyectos personales\\Joinble-UI\\src\\components\\icons\\chevronDownIcon.tsx","statementMap":{"0":{"start":{"line":7,"column":57},"end":{"line":13,"column":1}},"1":{"start":{"line":8,"column":2},"end":{"line":12,"column":3}}},"fnMap":{"0":{"name":"(anonymous_0)","decl":{"start":{"line":7,"column":57},"end":{"line":7,"column":58}},"loc":{"start":{"line":7,"column":76},"end":{"line":13,"column":1}},"line":7}},"branchMap":{},"s":{"0":18,"1":0},"f":{"0":0},"b":{},"_coverageSchema":"43e27e138ebf9cfc5966b082cf9a028302ed4184","hash":"f0b2cb68fa5d4aef6e1f20391385c4cff6d7be3e"}
,"C:\\Proyectos personales\\Joinble-UI\\src\\components\\icons\\closeIcon.tsx": {"path":"C:\\Proyectos personales\\Joinble-UI\\src\\components\\icons\\closeIcon.tsx","statementMap":{"0":{"start":{"line":7,"column":18},"end":{"line":13,"column":1}},"1":{"start":{"line":8,"column":2},"end":{"line":12,"column":3}}},"fnMap":{"0":{"name":"(anonymous_0)","decl":{"start":{"line":7,"column":18},"end":{"line":7,"column":19}},"loc":{"start":{"line":7,"column":45},"end":{"line":13,"column":1}},"line":7}},"branchMap":{},"s":{"0":18,"1":0},"f":{"0":0},"b":{},"_coverageSchema":"43e27e138ebf9cfc5966b082cf9a028302ed4184","hash":"a3f417e1f4f517775841c8535a4f64cb34136874"}
,"C:\\Proyectos personales\\Joinble-UI\\src\\components\\icons\\editIcon.tsx": {"path":"C:\\Proyectos personales\\Joinble-UI\\src\\components\\icons\\editIcon.tsx","statementMap":{"0":{"start":{"line":7,"column":50},"end":{"line":13,"column":1}},"1":{"start":{"line":8,"column":2},"end":{"line":12,"column":3}}},"fnMap":{"0":{"name":"(anonymous_0)","decl":{"start":{"line":7,"column":50},"end":{"line":7,"column":51}},"loc":{"start":{"line":7,"column":69},"end":{"line":13,"column":1}},"line":7}},"branchMap":{},"s":{"0":18,"1":0},"f":{"0":0},"b":{},"_coverageSchema":"43e27e138ebf9cfc5966b082cf9a028302ed4184","hash":"a6817bf552619d9511469860e0d9a5af36e29800"}
,"C:\\Proyectos personales\\Joinble-UI\\src\\components\\icons\\facebookIcon.tsx": {"path":"C:\\Proyectos personales\\Joinble-UI\\src\\components\\icons\\facebookIcon.tsx","statementMap":{"0":{"start":{"line":7,"column":54},"end":{"line":13,"column":1}},"1":{"start":{"line":8,"column":2},"end":{"line":12,"column":3}}},"fnMap":{"0":{"name":"(anonymous_0)","decl":{"start":{"line":7,"column":54},"end":{"line":7,"column":55}},"loc":{"start":{"line":7,"column":73},"end":{"line":13,"column":1}},"line":7}},"branchMap":{},"s":{"0":18,"1":0},"f":{"0":0},"b":{},"_coverageSchema":"43e27e138ebf9cfc5966b082cf9a028302ed4184","hash":"c2544cdca025fdabe6d426bdda435f417749659d"}
,"C:\\Proyectos personales\\Joinble-UI\\src\\components\\icons\\githubIcon.tsx": {"path":"C:\\Proyectos personales\\Joinble-UI\\src\\components\\icons\\githubIcon.tsx","statementMap":{"0":{"start":{"line":7,"column":52},"end":{"line":15,"column":1}},"1":{"start":{"line":8,"column":2},"end":{"line":14,"column":3}}},"fnMap":{"0":{"name":"(anonymous_0)","decl":{"start":{"line":7,"column":52},"end":{"line":7,"column":53}},"loc":{"start":{"line":7,"column":71},"end":{"line":15,"column":1}},"line":7}},"branchMap":{},"s":{"0":18,"1":0},"f":{"0":0},"b":{},"_coverageSchema":"43e27e138ebf9cfc5966b082cf9a028302ed4184","hash":"32445e5e35f1348fc4bdd7fd429765a057f7c396"}
,"C:\\Proyectos personales\\Joinble-UI\\src\\components\\icons\\googleIcon.tsx": {"path":"C:\\Proyectos personales\\Joinble-UI\\src\\components\\icons\\googleIcon.tsx","statementMap":{"0":{"start":{"line":7,"column":52},"end":{"line":28,"column":1}},"1":{"start":{"line":8,"column":2},"end":{"line":27,"column":3}}},"fnMap":{"0":{"name":"(anonymous_0)","decl":{"start":{"line":7,"column":52},"end":{"line":7,"column":53}},"loc":{"start":{"line":7,"column":71},"end":{"line":28,"column":1}},"line":7}},"branchMap":{},"s":{"0":18,"1":0},"f":{"0":0},"b":{},"_coverageSchema":"43e27e138ebf9cfc5966b082cf9a028302ed4184","hash":"3d9ea52e88f20ca56dde173e932bd1dfbba66b1e"}
,"C:\\Proyectos personales\\Joinble-UI\\src\\components\\icons\\hamburguerIcon.tsx": {"path":"C:\\Proyectos personales\\Joinble-UI\\src\\components\\icons\\hamburguerIcon.tsx","statementMap":{"0":{"start":{"line":7,"column":56},"end":{"line":13,"column":1}},"1":{"start":{"line":8,"column":2},"end":{"line":12,"column":3}}},"fnMap":{"0":{"name":"(anonymous_0)","decl":{"start":{"line":7,"column":56},"end":{"line":7,"column":57}},"loc":{"start":{"line":7,"column":75},"end":{"line":13,"column":1}},"line":7}},"branchMap":{},"s":{"0":18,"1":0},"f":{"0":0},"b":{},"_coverageSchema":"43e27e138ebf9cfc5966b082cf9a028302ed4184","hash":"05b34099c0f639bbf04dcc0bb5f58e9a84b74e13"}
,"C:\\Proyectos personales\\Joinble-UI\\src\\components\\icons\\helpIcon.tsx": {"path":"C:\\Proyectos personales\\Joinble-UI\\src\\components\\icons\\helpIcon.tsx","statementMap":{"0":{"start":{"line":7,"column":50},"end":{"line":13,"column":1}},"1":{"start":{"line":8,"column":2},"end":{"line":12,"column":3}}},"fnMap":{"0":{"name":"(anonymous_0)","decl":{"start":{"line":7,"column":50},"end":{"line":7,"column":51}},"loc":{"start":{"line":7,"column":69},"end":{"line":13,"column":1}},"line":7}},"branchMap":{},"s":{"0":18,"1":3},"f":{"0":3},"b":{},"_coverageSchema":"43e27e138ebf9cfc5966b082cf9a028302ed4184","hash":"69a7a04fbe8b401d7ece57af3cb400c45e6d6ddc"}
,"C:\\Proyectos personales\\Joinble-UI\\src\\components\\icons\\hiddenIcon.tsx": {"path":"C:\\Proyectos personales\\Joinble-UI\\src\\components\\icons\\hiddenIcon.tsx","statementMap":{"0":{"start":{"line":7,"column":52},"end":{"line":13,"column":1}},"1":{"start":{"line":8,"column":2},"end":{"line":12,"column":3}}},"fnMap":{"0":{"name":"(anonymous_0)","decl":{"start":{"line":7,"column":52},"end":{"line":7,"column":53}},"loc":{"start":{"line":7,"column":71},"end":{"line":13,"column":1}},"line":7}},"branchMap":{},"s":{"0":18,"1":0},"f":{"0":0},"b":{},"_coverageSchema":"43e27e138ebf9cfc5966b082cf9a028302ed4184","hash":"0a138c44f1f70c275f714e955ccdfb47c2431a5e"}
,"C:\\Proyectos personales\\Joinble-UI\\src\\components\\icons\\index.ts": {"path":"C:\\Proyectos personales\\Joinble-UI\\src\\components\\icons\\index.ts","statementMap":{},"fnMap":{},"branchMap":{},"s":{},"f":{},"b":{},"_coverageSchema":"43e27e138ebf9cfc5966b082cf9a028302ed4184","hash":"fbd670ae7fbdceac311c1c396fc4a0b810344adb"}
,"C:\\Proyectos personales\\Joinble-UI\\src\\components\\icons\\joinbleIcon.tsx": {"path":"C:\\Proyectos personales\\Joinble-UI\\src\\components\\icons\\joinbleIcon.tsx","statementMap":{"0":{"start":{"line":7,"column":60},"end":{"line":26,"column":1}},"1":{"start":{"line":8,"column":2},"end":{"line":25,"column":3}}},"fnMap":{"0":{"name":"(anonymous_0)","decl":{"start":{"line":7,"column":60},"end":{"line":7,"column":61}},"loc":{"start":{"line":7,"column":79},"end":{"line":26,"column":1}},"line":7}},"branchMap":{},"s":{"0":18,"1":0},"f":{"0":0},"b":{},"_coverageSchema":"43e27e138ebf9cfc5966b082cf9a028302ed4184","hash":"ea2bfe275c55ab85cab2cd7681991e9e5ab97bb4"}
,"C:\\Proyectos personales\\Joinble-UI\\src\\components\\icons\\linkedinIcon.tsx": {"path":"C:\\Proyectos personales\\Joinble-UI\\src\\components\\icons\\linkedinIcon.tsx","statementMap":{"0":{"start":{"line":7,"column":54},"end":{"line":13,"column":1}},"1":{"start":{"line":8,"column":2},"end":{"line":12,"column":3}}},"fnMap":{"0":{"name":"(anonymous_0)","decl":{"start":{"line":7,"column":54},"end":{"line":7,"column":55}},"loc":{"start":{"line":7,"column":73},"end":{"line":13,"column":1}},"line":7}},"branchMap":{},"s":{"0":18,"1":0},"f":{"0":0},"b":{},"_coverageSchema":"43e27e138ebf9cfc5966b082cf9a028302ed4184","hash":"2f1a5bed43eed06b12eb4d696de39b87f57419c1"}
,"C:\\Proyectos personales\\Joinble-UI\\src\\components\\icons\\messageIcon.tsx": {"path":"C:\\Proyectos personales\\Joinble-UI\\src\\components\\icons\\messageIcon.tsx","statementMap":{"0":{"start":{"line":7,"column":53},"end":{"line":13,"column":1}},"1":{"start":{"line":8,"column":2},"end":{"line":12,"column":3}}},"fnMap":{"0":{"name":"(anonymous_0)","decl":{"start":{"line":7,"column":53},"end":{"line":7,"column":54}},"loc":{"start":{"line":7,"column":72},"end":{"line":13,"column":1}},"line":7}},"branchMap":{},"s":{"0":18,"1":0},"f":{"0":0},"b":{},"_coverageSchema":"43e27e138ebf9cfc5966b082cf9a028302ed4184","hash":"91821da8697aab5f559d81cd9403774386532f36"}
,"C:\\Proyectos personales\\Joinble-UI\\src\\components\\icons\\notificationIcon.tsx": {"path":"C:\\Proyectos personales\\Joinble-UI\\src\\components\\icons\\notificationIcon.tsx","statementMap":{"0":{"start":{"line":7,"column":58},"end":{"line":13,"column":1}},"1":{"start":{"line":8,"column":2},"end":{"line":12,"column":3}}},"fnMap":{"0":{"name":"(anonymous_0)","decl":{"start":{"line":7,"column":58},"end":{"line":7,"column":59}},"loc":{"start":{"line":7,"column":77},"end":{"line":13,"column":1}},"line":7}},"branchMap":{},"s":{"0":18,"1":0},"f":{"0":0},"b":{},"_coverageSchema":"43e27e138ebf9cfc5966b082cf9a028302ed4184","hash":"18bee905e371392f9b979172c364d17a35a965c9"}
,"C:\\Proyectos personales\\Joinble-UI\\src\\components\\icons\\plusIcon.tsx": {"path":"C:\\Proyectos personales\\Joinble-UI\\src\\components\\icons\\plusIcon.tsx","statementMap":{"0":{"start":{"line":7,"column":50},"end":{"line":13,"column":1}},"1":{"start":{"line":8,"column":2},"end":{"line":12,"column":3}}},"fnMap":{"0":{"name":"(anonymous_0)","decl":{"start":{"line":7,"column":50},"end":{"line":7,"column":51}},"loc":{"start":{"line":7,"column":69},"end":{"line":13,"column":1}},"line":7}},"branchMap":{},"s":{"0":18,"1":0},"f":{"0":0},"b":{},"_coverageSchema":"43e27e138ebf9cfc5966b082cf9a028302ed4184","hash":"c0e3025b74ee717d630302812d2e75ada7c9e5f9"}
,"C:\\Proyectos personales\\Joinble-UI\\src\\components\\icons\\searchIcon.tsx": {"path":"C:\\Proyectos personales\\Joinble-UI\\src\\components\\icons\\searchIcon.tsx","statementMap":{"0":{"start":{"line":7,"column":52},"end":{"line":13,"column":1}},"1":{"start":{"line":8,"column":2},"end":{"line":12,"column":3}}},"fnMap":{"0":{"name":"(anonymous_0)","decl":{"start":{"line":7,"column":52},"end":{"line":7,"column":53}},"loc":{"start":{"line":7,"column":71},"end":{"line":13,"column":1}},"line":7}},"branchMap":{},"s":{"0":18,"1":0},"f":{"0":0},"b":{},"_coverageSchema":"43e27e138ebf9cfc5966b082cf9a028302ed4184","hash":"20eb87a9300ce0745ec01d1c9787368e8dacee9a"}
,"C:\\Proyectos personales\\Joinble-UI\\src\\components\\icons\\showIcon.tsx": {"path":"C:\\Proyectos personales\\Joinble-UI\\src\\components\\icons\\showIcon.tsx","statementMap":{"0":{"start":{"line":7,"column":50},"end":{"line":13,"column":1}},"1":{"start":{"line":8,"column":2},"end":{"line":12,"column":3}}},"fnMap":{"0":{"name":"(anonymous_0)","decl":{"start":{"line":7,"column":50},"end":{"line":7,"column":51}},"loc":{"start":{"line":7,"column":69},"end":{"line":13,"column":1}},"line":7}},"branchMap":{},"s":{"0":18,"1":0},"f":{"0":0},"b":{},"_coverageSchema":"43e27e138ebf9cfc5966b082cf9a028302ed4184","hash":"e14eb1288771ad8ca387a14db3d0eae942866712"}
,"C:\\Proyectos personales\\Joinble-UI\\src\\components\\icons\\trashIcon.tsx": {"path":"C:\\Proyectos personales\\Joinble-UI\\src\\components\\icons\\trashIcon.tsx","statementMap":{"0":{"start":{"line":7,"column":51},"end":{"line":13,"column":1}},"1":{"start":{"line":8,"column":2},"end":{"line":12,"column":3}}},"fnMap":{"0":{"name":"(anonymous_0)","decl":{"start":{"line":7,"column":51},"end":{"line":7,"column":52}},"loc":{"start":{"line":7,"column":70},"end":{"line":13,"column":1}},"line":7}},"branchMap":{},"s":{"0":18,"1":0},"f":{"0":0},"b":{},"_coverageSchema":"43e27e138ebf9cfc5966b082cf9a028302ed4184","hash":"5d6f1ccc6aa819c752b291d614a71918ecfaf7c7"}
,"C:\\Proyectos personales\\Joinble-UI\\src\\components\\icons\\twitterIcon.tsx": {"path":"C:\\Proyectos personales\\Joinble-UI\\src\\components\\icons\\twitterIcon.tsx","statementMap":{"0":{"start":{"line":7,"column":53},"end":{"line":13,"column":1}},"1":{"start":{"line":8,"column":2},"end":{"line":12,"column":3}}},"fnMap":{"0":{"name":"(anonymous_0)","decl":{"start":{"line":7,"column":53},"end":{"line":7,"column":54}},"loc":{"start":{"line":7,"column":72},"end":{"line":13,"column":1}},"line":7}},"branchMap":{},"s":{"0":18,"1":0},"f":{"0":0},"b":{},"_coverageSchema":"43e27e138ebf9cfc5966b082cf9a028302ed4184","hash":"d00b9d7a9595ca7e959dc1eb3c2f7f182431b897"}
,"C:\\Proyectos personales\\Joinble-UI\\src\\components\\icons\\upIcon.tsx": {"path":"C:\\Proyectos personales\\Joinble-UI\\src\\components\\icons\\upIcon.tsx","statementMap":{"0":{"start":{"line":7,"column":48},"end":{"line":13,"column":1}},"1":{"start":{"line":8,"column":2},"end":{"line":12,"column":3}}},"fnMap":{"0":{"name":"(anonymous_0)","decl":{"start":{"line":7,"column":48},"end":{"line":7,"column":49}},"loc":{"start":{"line":7,"column":67},"end":{"line":13,"column":1}},"line":7}},"branchMap":{},"s":{"0":18,"1":0},"f":{"0":0},"b":{},"_coverageSchema":"43e27e138ebf9cfc5966b082cf9a028302ed4184","hash":"17f1e39c1be3dcdd86dc3ebf6c4f37e940843b20"}
,"C:\\Proyectos personales\\Joinble-UI\\src\\components\\icons\\widgetIcon.tsx": {"path":"C:\\Proyectos personales\\Joinble-UI\\src\\components\\icons\\widgetIcon.tsx","statementMap":{"0":{"start":{"line":7,"column":57},"end":{"line":13,"column":1}},"1":{"start":{"line":8,"column":2},"end":{"line":12,"column":3}}},"fnMap":{"0":{"name":"(anonymous_0)","decl":{"start":{"line":7,"column":57},"end":{"line":7,"column":58}},"loc":{"start":{"line":7,"column":76},"end":{"line":13,"column":1}},"line":7}},"branchMap":{},"s":{"0":18,"1":0},"f":{"0":0},"b":{},"_coverageSchema":"43e27e138ebf9cfc5966b082cf9a028302ed4184","hash":"e337b5c1dd91b3b0cb5d630b7e968d864e9df467"}
,"C:\\Proyectos personales\\Joinble-UI\\src\\components\\input\\Input.tsx": {"path":"C:\\Proyectos personales\\Joinble-UI\\src\\components\\input\\Input.tsx","statementMap":{"0":{"start":{"line":38,"column":48},"end":{"line":97,"column":1}},"1":{"start":{"line":57,"column":44},"end":{"line":57,"column":68}},"2":{"start":{"line":59,"column":36},"end":{"line":61,"column":5}},"3":{"start":{"line":60,"column":6},"end":{"line":60,"column":36}},"4":{"start":{"line":63,"column":4},"end":{"line":95,"column":5}}},"fnMap":{"0":{"name":"(anonymous_0)","decl":{"start":{"line":39,"column":2},"end":{"line":39,"column":3}},"loc":{"start":{"line":56,"column":7},"end":{"line":96,"column":3}},"line":56},"1":{"name":"(anonymous_1)","decl":{"start":{"line":59,"column":36},"end":{"line":59,"column":37}},"loc":{"start":{"line":59,"column":42},"end":{"line":61,"column":5}},"line":59}},"branchMap":{"0":{"loc":{"start":{"line":42,"column":6},"end":{"line":42,"column":19}},"type":"default-arg","locations":[{"start":{"line":42,"column":13},"end":{"line":42,"column":19}}],"line":42},"1":{"loc":{"start":{"line":67,"column":16},"end":{"line":67,"column":44}},"type":"cond-expr","locations":[{"start":{"line":67,"column":31},"end":{"line":67,"column":37}},{"start":{"line":67,"column":40},"end":{"line":67,"column":44}}],"line":67},"2":{"loc":{"start":{"line":80,"column":9},"end":{"line":87,"column":9}},"type":"binary-expr","locations":[{"start":{"line":80,"column":9},"end":{"line":80,"column":28}},{"start":{"line":81,"column":10},"end":{"line":86,"column":12}}],"line":80},"3":{"loc":{"start":{"line":82,"column":18},"end":{"line":82,"column":62}},"type":"cond-expr","locations":[{"start":{"line":82,"column":33},"end":{"line":82,"column":47}},{"start":{"line":82,"column":50},"end":{"line":82,"column":62}}],"line":82},"4":{"loc":{"start":{"line":88,"column":9},"end":{"line":90,"column":60}},"type":"binary-expr","locations":[{"start":{"line":88,"column":9},"end":{"line":88,"column":13}},{"start":{"line":89,"column":10},"end":{"line":89,"column":21}},{"start":{"line":90,"column":10},"end":{"line":90,"column":60}}],"line":88},"5":{"loc":{"start":{"line":91,"column":9},"end":{"line":91,"column":59}},"type":"binary-expr","locations":[{"start":{"line":91,"column":9},"end":{"line":91,"column":19}},{"start":{"line":91,"column":23},"end":{"line":91,"column":42}},{"start":{"line":91,"column":46},"end":{"line":91,"column":59}}],"line":91},"6":{"loc":{"start":{"line":92,"column":9},"end":{"line":92,"column":70}},"type":"binary-expr","locations":[{"start":{"line":92,"column":9},"end":{"line":92,"column":19}},{"start":{"line":92,"column":23},"end":{"line":92,"column":70}}],"line":92},"7":{"loc":{"start":{"line":93,"column":9},"end":{"line":93,"column":66}},"type":"binary-expr","locations":[{"start":{"line":93,"column":9},"end":{"line":93,"column":18}},{"start":{"line":93,"column":22},"end":{"line":93,"column":66}}],"line":93}},"s":{"0":6,"1":2,"2":2,"3":0,"4":2},"f":{"0":2,"1":0},"b":{"0":[2],"1":[0,2],"2":[2,0],"3":[0,0],"4":[2,0,0],"5":[2,0,0],"6":[2,0],"7":[2,0]},"_coverageSchema":"43e27e138ebf9cfc5966b082cf9a028302ed4184","hash":"172bcfb8bcca43eed7d2dfcc77e062856b86a524"}
,"C:\\Proyectos personales\\Joinble-UI\\src\\components\\input\\InputStyle.tsx": {"path":"C:\\Proyectos personales\\Joinble-UI\\src\\components\\input\\InputStyle.tsx","statementMap":{"0":{"start":{"line":14,"column":23},"end":{"line":20,"column":1}},"1":{"start":{"line":28,"column":26},"end":{"line":85,"column":1}},"2":{"start":{"line":30,"column":26},"end":{"line":30,"column":58}},"3":{"start":{"line":31,"column":22},"end":{"line":31,"column":50}},"4":{"start":{"line":32,"column":27},"end":{"line":36,"column":1}},"5":{"start":{"line":43,"column":4},"end":{"line":48,"column":17}},"6":{"start":{"line":50,"column":28},"end":{"line":50,"column":56}},"7":{"start":{"line":64,"column":24},"end":{"line":64,"column":52}},"8":{"start":{"line":72,"column":8},"end":{"line":72,"column":58}},"9":{"start":{"line":81,"column":6},"end":{"line":81,"column":64}},"10":{"start":{"line":87,"column":21},"end":{"line":98,"column":1}},"11":{"start":{"line":88,"column":26},"end":{"line":88,"column":57}},"12":{"start":{"line":92,"column":22},"end":{"line":92,"column":50}},"13":{"start":{"line":93,"column":28},"end":{"line":93,"column":56}},"14":{"start":{"line":100,"column":30},"end":{"line":108,"column":1}},"15":{"start":{"line":102,"column":23},"end":{"line":102,"column":54}},"16":{"start":{"line":110,"column":25},"end":{"line":116,"column":1}},"17":{"start":{"line":111,"column":21},"end":{"line":111,"column":50}},"18":{"start":{"line":118,"column":25},"end":{"line":124,"column":1}},"19":{"start":{"line":125,"column":30},"end":{"line":127,"column":1}},"20":{"start":{"line":128,"column":31},"end":{"line":130,"column":1}}},"fnMap":{"0":{"name":"(anonymous_0)","decl":{"start":{"line":30,"column":15},"end":{"line":30,"column":16}},"loc":{"start":{"line":30,"column":26},"end":{"line":30,"column":58}},"line":30},"1":{"name":"(anonymous_1)","decl":{"start":{"line":31,"column":11},"end":{"line":31,"column":12}},"loc":{"start":{"line":31,"column":22},"end":{"line":31,"column":50}},"line":31},"2":{"name":"(anonymous_2)","decl":{"start":{"line":32,"column":16},"end":{"line":32,"column":17}},"loc":{"start":{"line":32,"column":27},"end":{"line":36,"column":1}},"line":32},"3":{"name":"(anonymous_3)","decl":{"start":{"line":42,"column":19},"end":{"line":42,"column":20}},"loc":{"start":{"line":43,"column":4},"end":{"line":48,"column":17}},"line":43},"4":{"name":"(anonymous_4)","decl":{"start":{"line":50,"column":17},"end":{"line":50,"column":18}},"loc":{"start":{"line":50,"column":28},"end":{"line":50,"column":56}},"line":50},"5":{"name":"(anonymous_5)","decl":{"start":{"line":64,"column":13},"end":{"line":64,"column":14}},"loc":{"start":{"line":64,"column":24},"end":{"line":64,"column":52}},"line":64},"6":{"name":"(anonymous_6)","decl":{"start":{"line":71,"column":20},"end":{"line":71,"column":21}},"loc":{"start":{"line":72,"column":8},"end":{"line":72,"column":58}},"line":72},"7":{"name":"(anonymous_7)","decl":{"start":{"line":80,"column":18},"end":{"line":80,"column":19}},"loc":{"start":{"line":81,"column":6},"end":{"line":81,"column":64}},"line":81},"8":{"name":"(anonymous_8)","decl":{"start":{"line":88,"column":15},"end":{"line":88,"column":16}},"loc":{"start":{"line":88,"column":26},"end":{"line":88,"column":57}},"line":88},"9":{"name":"(anonymous_9)","decl":{"start":{"line":92,"column":11},"end":{"line":92,"column":12}},"loc":{"start":{"line":92,"column":22},"end":{"line":92,"column":50}},"line":92},"10":{"name":"(anonymous_10)","decl":{"start":{"line":93,"column":17},"end":{"line":93,"column":18}},"loc":{"start":{"line":93,"column":28},"end":{"line":93,"column":56}},"line":93},"11":{"name":"(anonymous_11)","decl":{"start":{"line":102,"column":12},"end":{"line":102,"column":13}},"loc":{"start":{"line":102,"column":23},"end":{"line":102,"column":54}},"line":102},"12":{"name":"(anonymous_12)","decl":{"start":{"line":111,"column":10},"end":{"line":111,"column":11}},"loc":{"start":{"line":111,"column":21},"end":{"line":111,"column":50}},"line":111}},"branchMap":{"0":{"loc":{"start":{"line":34,"column":4},"end":{"line":34,"column":78}},"type":"cond-expr","locations":[{"start":{"line":34,"column":23},"end":{"line":34,"column":52}},{"start":{"line":34,"column":55},"end":{"line":34,"column":78}}],"line":34},"1":{"loc":{"start":{"line":43,"column":4},"end":{"line":48,"column":17}},"type":"cond-expr","locations":[{"start":{"line":47,"column":8},"end":{"line":47,"column":16}},{"start":{"line":48,"column":8},"end":{"line":48,"column":17}}],"line":43},"2":{"loc":{"start":{"line":43,"column":4},"end":{"line":46,"column":22}},"type":"binary-expr","locations":[{"start":{"line":43,"column":4},"end":{"line":43,"column":29}},{"start":{"line":44,"column":4},"end":{"line":44,"column":14}},{"start":{"line":45,"column":4},"end":{"line":45,"column":20}},{"start":{"line":46,"column":4},"end":{"line":46,"column":22}}],"line":43}},"s":{"0":6,"1":6,"2":2,"3":2,"4":2,"5":2,"6":2,"7":2,"8":2,"9":2,"10":6,"11":2,"12":2,"13":2,"14":6,"15":0,"16":6,"17":0,"18":6,"19":6,"20":6},"f":{"0":2,"1":2,"2":2,"3":2,"4":2,"5":2,"6":2,"7":2,"8":2,"9":2,"10":2,"11":0,"12":0},"b":{"0":[0,2],"1":[0,2],"2":[2,2,2,2]},"_coverageSchema":"43e27e138ebf9cfc5966b082cf9a028302ed4184","hash":"d6e307e0b011f775852e9dfc8652025ba8b59396"}
,"C:\\Proyectos personales\\Joinble-UI\\src\\components\\loading\\Loading.tsx": {"path":"C:\\Proyectos personales\\Joinble-UI\\src\\components\\loading\\Loading.tsx","statementMap":{"0":{"start":{"line":10,"column":56},"end":{"line":31,"column":1}},"1":{"start":{"line":14,"column":2},"end":{"line":30,"column":3}}},"fnMap":{"0":{"name":"(anonymous_0)","decl":{"start":{"line":10,"column":56},"end":{"line":10,"column":57}},"loc":{"start":{"line":13,"column":6},"end":{"line":31,"column":1}},"line":13}},"branchMap":{"0":{"loc":{"start":{"line":16,"column":7},"end":{"line":28,"column":7}},"type":"cond-expr","locations":[{"start":{"line":17,"column":8},"end":{"line":22,"column":18}},{"start":{"line":24,"column":8},"end":{"line":27,"column":24}}],"line":16}},"s":{"0":6,"1":0},"f":{"0":0},"b":{"0":[0,0]},"_coverageSchema":"43e27e138ebf9cfc5966b082cf9a028302ed4184","hash":"f9cb069b4647e6fd1600a3ed7938c6797142cd8a"}
,"C:\\Proyectos personales\\Joinble-UI\\src\\components\\loading\\LoadingStyles.tsx": {"path":"C:\\Proyectos personales\\Joinble-UI\\src\\components\\loading\\LoadingStyles.tsx","statementMap":{"0":{"start":{"line":3,"column":29},"end":{"line":14,"column":1}},"1":{"start":{"line":16,"column":20},"end":{"line":37,"column":1}},"2":{"start":{"line":22,"column":33},"end":{"line":22,"column":61}},"3":{"start":{"line":25,"column":4},"end":{"line":25,"column":64}},"4":{"start":{"line":39,"column":20},"end":{"line":43,"column":1}}},"fnMap":{"0":{"name":"(anonymous_0)","decl":{"start":{"line":22,"column":22},"end":{"line":22,"column":23}},"loc":{"start":{"line":22,"column":33},"end":{"line":22,"column":61}},"line":22},"1":{"name":"(anonymous_1)","decl":{"start":{"line":24,"column":16},"end":{"line":24,"column":17}},"loc":{"start":{"line":25,"column":4},"end":{"line":25,"column":64}},"line":25}},"branchMap":{},"s":{"0":6,"1":6,"2":0,"3":0,"4":6},"f":{"0":0,"1":0},"b":{},"_coverageSchema":"43e27e138ebf9cfc5966b082cf9a028302ed4184","hash":"698305c5b9308de3312fcc3de09839e817367c54"}
,"C:\\Proyectos personales\\Joinble-UI\\src\\components\\overlay\\Overlay.tsx": {"path":"C:\\Proyectos personales\\Joinble-UI\\src\\components\\overlay\\Overlay.tsx","statementMap":{"0":{"start":{"line":3,"column":23},"end":{"line":16,"column":1}}},"fnMap":{},"branchMap":{},"s":{"0":6},"f":{},"b":{},"_coverageSchema":"43e27e138ebf9cfc5966b082cf9a028302ed4184","hash":"b95a9a4ab5e8077e000b629b223c86dad35cb6c4"}
}
