TN:
SF:src\Theme.ts
FNF:0
FNH:0
DA:20,32
LF:1
LH:1
BRF:0
BRH:0
end_of_record
TN:
SF:src\components\badgets\Badgets.tsx
FN:9,(anonymous_0)
FNF:1
FNH:0
FNDA:0,(anonymous_0)
DA:9,2
DA:13,0
LF:2
LH:1
BRDA:15,0,0,0
BRDA:15,0,1,0
BRDA:15,1,0,0
BRDA:15,1,1,0
BRF:4
BRH:0
end_of_record
TN:
SF:src\components\badgets\BadgetsStyles.tsx
FN:16,(anonymous_0)
FNF:1
FNH:0
FNDA:0,(anonymous_0)
DA:8,2
DA:17,0
LF:2
LH:1
BRDA:17,0,0,0
BRDA:17,0,1,0
BRDA:17,1,0,0
BRDA:17,1,1,0
BRF:4
BRH:0
end_of_record
TN:
SF:src\components\button\Button.tsx
FN:20,(anonymous_0)
FNF:1
FNH:1
FNDA:10,(anonymous_0)
DA:20,16
DA:34,10
LF:2
LH:2
BRDA:24,0,0,10
BRDA:46,1,0,10
BRDA:46,1,1,10
BRDA:46,1,2,0
BRDA:51,2,0,10
BRDA:51,2,1,10
BRDA:51,2,2,10
BRDA:52,3,0,10
BRDA:52,3,1,0
BRF:9
BRH:7
end_of_record
TN:
SF:src\components\button\ButtonIcon.tsx
FN:12,(anonymous_0)
FNF:1
FNH:0
FNDA:0,(anonymous_0)
DA:12,2
DA:19,0
LF:2
LH:1
BRDA:26,0,0,0
BRDA:26,0,1,0
BRF:2
BRH:0
end_of_record
TN:
SF:src\components\button\ButtonIconStyles.tsx
FN:13,(anonymous_0)
FN:20,(anonymous_1)
FNF:2
FNH:0
FNDA:0,(anonymous_0)
FNDA:0,(anonymous_1)
DA:10,2
DA:13,0
DA:21,0
DA:25,2
LF:4
LH:2
BRDA:13,0,0,0
BRDA:13,0,1,0
BRDA:21,1,0,0
BRDA:21,1,1,0
BRF:4
BRH:0
end_of_record
TN:
SF:src\components\button\ButtonSocialMedia.tsx
FN:32,(anonymous_0)
FNF:1
FNH:0
FNDA:0,(anonymous_0)
DA:32,2
DA:37,0
LF:2
LH:1
BRDA:39,0,0,0
BRDA:39,0,1,0
BRDA:44,1,0,0
BRDA:44,1,1,0
BRDA:49,2,0,0
BRDA:49,2,1,0
BRDA:54,3,0,0
BRDA:54,3,1,0
BRDA:59,4,0,0
BRDA:59,4,1,0
BRF:10
BRH:0
end_of_record
TN:
SF:src\components\button\ButtonSocialMediaStyles.tsx
FNF:0
FNH:0
DA:3,2
DA:20,2
DA:23,2
DA:29,2
DA:35,2
DA:41,2
LF:6
LH:6
BRF:0
BRH:0
end_of_record
TN:
SF:src\components\button\ButtonStyles.tsx
FN:15,(anonymous_0)
FN:26,(anonymous_1)
FN:37,(anonymous_2)
FN:40,(anonymous_3)
FN:48,(anonymous_4)
FN:52,(anonymous_5)
FN:58,(anonymous_6)
FN:67,(anonymous_7)
FN:79,(anonymous_8)
FN:104,(anonymous_9)
FN:114,(anonymous_10)
FNF:11
FNH:9
FNDA:10,(anonymous_0)
FNDA:10,(anonymous_1)
FNDA:10,(anonymous_2)
FNDA:10,(anonymous_3)
FNDA:10,(anonymous_4)
FNDA:10,(anonymous_5)
FNDA:10,(anonymous_6)
FNDA:10,(anonymous_7)
FNDA:10,(anonymous_8)
FNDA:0,(anonymous_9)
FNDA:0,(anonymous_10)
DA:14,16
DA:16,10
DA:26,10
DA:38,10
DA:40,10
DA:49,10
DA:53,10
DA:59,10
DA:68,10
DA:80,10
DA:100,16
DA:105,0
DA:115,0
LF:13
LH:11
BRDA:16,0,0,0
BRDA:16,0,1,10
BRDA:18,1,0,0
BRDA:18,1,1,10
BRDA:20,2,0,0
BRDA:20,2,1,10
BRDA:22,3,0,0
BRDA:22,3,1,10
BRDA:26,4,0,0
BRDA:26,4,1,10
BRDA:38,5,0,0
BRDA:38,5,1,10
BRDA:40,6,0,0
BRDA:40,6,1,10
BRDA:49,7,0,0
BRDA:49,7,1,10
BRDA:53,8,0,0
BRDA:53,8,1,10
BRDA:59,9,0,0
BRDA:59,9,1,10
BRDA:68,10,0,0
BRDA:68,10,1,10
BRDA:70,11,0,0
BRDA:70,11,1,10
BRDA:72,12,0,0
BRDA:72,12,1,10
BRDA:74,13,0,0
BRDA:74,13,1,10
BRDA:80,14,0,0
BRDA:80,14,1,10
BRDA:105,15,0,0
BRDA:105,15,1,0
BRDA:115,16,0,0
BRDA:115,16,1,0
BRF:34
BRH:15
end_of_record
TN:
SF:src\components\button\index.ts
FNF:0
FNH:0
LF:0
LH:0
BRF:0
BRH:0
end_of_record
TN:
SF:src\components\checkbox\Checkbox.tsx
FN:19,(anonymous_0)
FNF:1
FNH:1
FNDA:8,(anonymous_0)
DA:18,8
DA:33,8
LF:2
LH:2
BRDA:35,0,0,8
BRDA:35,0,1,8
BRDA:50,1,0,0
BRDA:50,1,1,8
BRDA:51,2,0,8
BRDA:51,2,1,0
BRF:6
BRH:4
end_of_record
TN:
SF:src\components\checkbox\CheckboxStyles.tsx
FN:22,(anonymous_0)
FN:23,(anonymous_1)
FN:24,(anonymous_2)
FN:37,(anonymous_3)
FN:38,(anonymous_4)
FN:45,(anonymous_5)
FNF:6
FNH:6
FNDA:8,(anonymous_0)
FNDA:8,(anonymous_1)
FNDA:8,(anonymous_2)
FNDA:8,(anonymous_3)
FNDA:8,(anonymous_4)
FNDA:8,(anonymous_5)
DA:10,8
DA:19,8
DA:22,8
DA:23,8
DA:24,8
DA:34,8
DA:37,8
DA:38,8
DA:46,8
LF:9
LH:9
BRDA:22,0,0,8
BRDA:22,0,1,0
BRDA:23,1,0,0
BRDA:23,1,1,8
BRDA:24,2,0,0
BRDA:24,2,1,8
BRDA:37,3,0,0
BRDA:37,3,1,8
BRDA:38,4,0,0
BRDA:38,4,1,8
BRDA:46,5,0,8
BRDA:46,5,1,0
BRF:12
BRH:6
end_of_record
TN:
SF:src\components\errorLabel\ErrorLabel.tsx
FN:10,(anonymous_0)
FNF:1
FNH:1
FNDA:4,(anonymous_0)
DA:10,6
DA:14,4
DA:25,4
LF:3
LH:3
BRF:0
BRH:0
end_of_record
TN:
SF:src\components\helpLabel\HelpLabel.tsx
FN:11,(anonymous_0)
FNF:1
FNH:1
FNDA:4,(anonymous_0)
DA:11,6
DA:15,4
DA:35,4
LF:3
LH:3
BRF:0
BRH:0
end_of_record
TN:
SF:src\components\icons\alertIcon.tsx
FN:7,(anonymous_0)
FNF:1
FNH:0
FNDA:0,(anonymous_0)
DA:7,14
DA:8,0
LF:2
LH:1
BRF:0
BRH:0
end_of_record
TN:
SF:src\components\icons\applicationIcon.tsx
FN:7,(anonymous_0)
FNF:1
FNH:0
FNDA:0,(anonymous_0)
DA:7,14
DA:8,0
LF:2
LH:1
BRF:0
BRH:0
end_of_record
TN:
SF:src\components\icons\checkboxCheckedIcon.tsx
FN:7,(anonymous_0)
FNF:1
FNH:0
FNDA:0,(anonymous_0)
DA:7,14
DA:10,0
LF:2
LH:1
BRF:0
BRH:0
end_of_record
TN:
SF:src\components\icons\checkboxIcon.tsx
FN:7,(anonymous_0)
FNF:1
FNH:1
FNDA:8,(anonymous_0)
DA:7,14
DA:8,8
LF:2
LH:2
BRF:0
BRH:0
end_of_record
TN:
SF:src\components\icons\chevronDownIcon.tsx
FN:7,(anonymous_0)
FNF:1
FNH:0
FNDA:0,(anonymous_0)
DA:7,14
DA:8,0
LF:2
LH:1
BRF:0
BRH:0
end_of_record
TN:
SF:src\components\icons\facebookIcon.tsx
FN:7,(anonymous_0)
FNF:1
FNH:0
FNDA:0,(anonymous_0)
DA:7,14
DA:8,0
LF:2
LH:1
BRF:0
BRH:0
end_of_record
TN:
SF:src\components\icons\githubIcon.tsx
FN:7,(anonymous_0)
FNF:1
FNH:0
FNDA:0,(anonymous_0)
DA:7,14
DA:8,0
LF:2
LH:1
BRF:0
BRH:0
end_of_record
TN:
SF:src\components\icons\googleIcon.tsx
FN:7,(anonymous_0)
FNF:1
FNH:0
FNDA:0,(anonymous_0)
DA:7,14
DA:8,0
LF:2
LH:1
BRF:0
BRH:0
end_of_record
TN:
SF:src\components\icons\hamburguerIcon.tsx
FN:7,(anonymous_0)
FNF:1
FNH:0
FNDA:0,(anonymous_0)
DA:7,14
DA:8,0
LF:2
LH:1
BRF:0
BRH:0
end_of_record
TN:
SF:src\components\icons\helpIcon.tsx
FN:7,(anonymous_0)
FNF:1
FNH:1
FNDA:4,(anonymous_0)
DA:7,14
DA:8,4
LF:2
LH:2
BRF:0
BRH:0
end_of_record
TN:
SF:src\components\icons\hiddenIcon.tsx
FN:7,(anonymous_0)
FNF:1
FNH:0
FNDA:0,(anonymous_0)
DA:7,14
DA:8,0
LF:2
LH:1
BRF:0
BRH:0
end_of_record
TN:
SF:src\components\icons\index.ts
FNF:0
FNH:0
LF:0
LH:0
BRF:0
BRH:0
end_of_record
TN:
SF:src\components\icons\joinbleIcon.tsx
FN:7,(anonymous_0)
FNF:1
FNH:0
FNDA:0,(anonymous_0)
DA:7,14
DA:8,0
LF:2
LH:1
BRF:0
BRH:0
end_of_record
TN:
SF:src\components\icons\linkedinIcon.tsx
FN:7,(anonymous_0)
FNF:1
FNH:0
FNDA:0,(anonymous_0)
DA:7,14
DA:8,0
LF:2
LH:1
BRF:0
BRH:0
end_of_record
TN:
SF:src\components\icons\messageIcon.tsx
FN:7,(anonymous_0)
FNF:1
FNH:0
FNDA:0,(anonymous_0)
DA:7,14
DA:8,0
LF:2
LH:1
BRF:0
BRH:0
end_of_record
TN:
SF:src\components\icons\notificationIcon.tsx
FN:7,(anonymous_0)
FNF:1
FNH:0
FNDA:0,(anonymous_0)
DA:7,14
DA:8,0
LF:2
LH:1
BRF:0
BRH:0
end_of_record
TN:
SF:src\components\icons\searchIcon.tsx
FN:7,(anonymous_0)
FNF:1
FNH:0
FNDA:0,(anonymous_0)
DA:7,14
DA:8,0
LF:2
LH:1
BRF:0
BRH:0
end_of_record
TN:
SF:src\components\icons\showIcon.tsx
FN:7,(anonymous_0)
FNF:1
FNH:0
FNDA:0,(anonymous_0)
DA:7,14
DA:8,0
LF:2
LH:1
BRF:0
BRH:0
end_of_record
TN:
SF:src\components\icons\twitterIcon.tsx
FN:7,(anonymous_0)
FNF:1
FNH:0
FNDA:0,(anonymous_0)
DA:7,14
DA:8,0
LF:2
LH:1
BRF:0
BRH:0
end_of_record
TN:
SF:src\components\icons\widgetIcon.tsx
FN:7,(anonymous_0)
FNF:1
FNH:0
FNDA:0,(anonymous_0)
DA:7,14
DA:8,0
LF:2
LH:1
BRF:0
BRH:0
end_of_record
TN:
SF:src\components\input\Input.tsx
FN:40,(anonymous_0)
FN:60,(anonymous_1)
FNF:2
FNH:1
FNDA:2,(anonymous_0)
FNDA:0,(anonymous_1)
DA:39,2
DA:58,2
DA:60,2
DA:61,0
DA:64,2
LF:5
LH:4
BRDA:43,0,0,2
BRDA:68,1,0,0
BRDA:68,1,1,2
BRDA:80,2,0,2
BRDA:80,2,1,0
BRDA:83,3,0,0
BRDA:83,3,1,0
BRDA:88,4,0,2
BRDA:88,4,1,0
BRDA:89,5,0,2
BRDA:89,5,1,0
BRDA:90,6,0,2
BRDA:90,6,1,0
BRDA:91,7,0,2
BRDA:91,7,1,0
BRF:15
BRH:7
end_of_record
TN:
SF:src\components\input\InputStyle.tsx
FN:19,(anonymous_0)
FN:39,(anonymous_1)
FNF:2
FNH:2
FNDA:2,(anonymous_0)
FNDA:2,(anonymous_1)
DA:11,2
DA:20,2
DA:35,2
DA:39,2
DA:86,2
DA:99,2
DA:102,2
DA:108,2
LF:8
LH:8
BRDA:20,0,0,2
BRDA:20,0,1,0
BRDA:41,1,0,0
BRDA:41,1,1,2
BRF:4
BRH:2
end_of_record
TN:
SF:src\components\loading\Loading.tsx
FN:10,(anonymous_0)
FNF:1
FNH:0
FNDA:0,(anonymous_0)
DA:10,16
DA:14,0
LF:2
LH:1
BRDA:16,0,0,0
BRDA:16,0,1,0
BRF:2
BRH:0
end_of_record
TN:
SF:src\components\loading\LoadingStyles.tsx
FNF:0
FNH:0
DA:4,16
DA:17,16
DA:39,16
LF:3
LH:3
BRF:0
BRH:0
end_of_record
TN:
SF:src\components\overlay\Overlay.tsx
FNF:0
FNH:0
DA:3,16
LF:1
LH:1
BRF:0
BRH:0
end_of_record
