TN:
SF:src\Theme.ts
FNF:0
FNH:0
DA:26,30
LF:1
LH:1
BRF:0
BRH:0
end_of_record
TN:
SF:src\components\badgets\Badgets.tsx
FN:9,(anonymous_0)
FNF:1
FNH:0
FNDA:0,(anonymous_0)
DA:9,6
DA:13,0
LF:2
LH:1
BRDA:15,0,0,0
BRDA:15,0,1,0
BRDA:15,1,0,0
BRDA:15,1,1,0
BRF:4
BRH:0
end_of_record
TN:
SF:src\components\badgets\BadgetsStyles.tsx
FN:8,(anonymous_0)
FN:15,(anonymous_1)
FN:19,(anonymous_2)
FNF:3
FNH:0
FNDA:0,(anonymous_0)
FNDA:0,(anonymous_1)
FNDA:0,(anonymous_2)
DA:7,6
DA:8,0
DA:16,0
DA:19,0
LF:4
LH:1
BRDA:16,0,0,0
BRDA:16,0,1,0
BRDA:16,1,0,0
BRDA:16,1,1,0
BRF:4
BRH:0
end_of_record
TN:
SF:src\components\button\Button.tsx
FN:20,(anonymous_0)
FNF:1
FNH:1
FNDA:6,(anonymous_0)
DA:20,6
DA:28,6
LF:2
LH:2
BRDA:21,0,0,6
BRDA:30,1,0,6
BRDA:30,1,1,6
BRDA:30,1,2,0
BRDA:35,2,0,6
BRDA:35,2,1,6
BRDA:35,2,2,6
BRDA:36,3,0,6
BRDA:36,3,1,0
BRF:9
BRH:7
end_of_record
TN:
SF:src\components\button\ButtonIcon.tsx
FN:15,(anonymous_0)
FNF:1
FNH:0
FNDA:0,(anonymous_0)
DA:15,6
DA:21,0
LF:2
LH:1
BRDA:18,0,0,0
BRDA:23,1,0,0
BRDA:23,1,1,0
BRF:3
BRH:0
end_of_record
TN:
SF:src\components\button\ButtonIconStyles.tsx
FN:14,(anonymous_0)
FN:15,(anonymous_1)
FN:25,(anonymous_2)
FNF:3
FNH:0
FNDA:0,(anonymous_0)
FNDA:0,(anonymous_1)
FNDA:0,(anonymous_2)
DA:11,6
DA:14,0
DA:16,0
DA:26,0
DA:41,6
LF:5
LH:2
BRDA:14,0,0,0
BRDA:14,0,1,0
BRDA:16,1,0,0
BRDA:16,1,1,0
BRDA:18,2,0,0
BRDA:18,2,1,0
BRDA:26,3,0,0
BRDA:26,3,1,0
BRDA:26,4,0,0
BRDA:26,4,1,0
BRF:10
BRH:0
end_of_record
TN:
SF:src\components\button\ButtonStyles.tsx
FN:15,(anonymous_0)
FN:26,(anonymous_1)
FN:37,(anonymous_2)
FN:41,(anonymous_3)
FN:46,(anonymous_4)
FN:54,(anonymous_5)
FN:58,(anonymous_6)
FN:62,(anonymous_7)
FN:70,(anonymous_8)
FN:80,(anonymous_9)
FN:81,(anonymous_10)
FN:87,(anonymous_11)
FNF:12
FNH:12
FNDA:6,(anonymous_0)
FNDA:6,(anonymous_1)
FNDA:6,(anonymous_2)
FNDA:6,(anonymous_3)
FNDA:6,(anonymous_4)
FNDA:6,(anonymous_5)
FNDA:6,(anonymous_6)
FNDA:6,(anonymous_7)
FNDA:6,(anonymous_8)
FNDA:6,(anonymous_9)
FNDA:6,(anonymous_10)
FNDA:6,(anonymous_11)
DA:14,6
DA:16,6
DA:27,6
DA:38,6
DA:42,6
DA:46,6
DA:55,6
DA:59,6
DA:63,6
DA:71,6
DA:80,6
DA:81,6
DA:87,6
DA:94,6
LF:14
LH:14
BRDA:16,0,0,0
BRDA:16,0,1,6
BRDA:18,1,0,0
BRDA:18,1,1,6
BRDA:20,2,0,0
BRDA:20,2,1,6
BRDA:22,3,0,0
BRDA:22,3,1,6
BRDA:27,4,0,0
BRDA:27,4,1,6
BRDA:38,5,0,0
BRDA:38,5,1,6
BRDA:42,6,0,0
BRDA:42,6,1,6
BRDA:46,7,0,0
BRDA:46,7,1,6
BRDA:55,8,0,0
BRDA:55,8,1,6
BRDA:59,9,0,0
BRDA:59,9,1,6
BRDA:63,10,0,0
BRDA:63,10,1,6
BRDA:71,11,0,0
BRDA:71,11,1,6
BRDA:73,12,0,0
BRDA:73,12,1,6
BRDA:75,13,0,0
BRDA:75,13,1,6
BRDA:77,14,0,0
BRDA:77,14,1,6
BRF:30
BRH:15
end_of_record
TN:
SF:src\components\checkbox\Checkbox.tsx
FN:19,(anonymous_0)
FNF:1
FNH:1
FNDA:5,(anonymous_0)
DA:18,6
DA:33,5
LF:2
LH:2
BRDA:35,0,0,5
BRDA:35,0,1,5
BRDA:50,1,0,0
BRDA:50,1,1,5
BRDA:51,2,0,5
BRDA:51,2,1,0
BRF:6
BRH:4
end_of_record
TN:
SF:src\components\checkbox\CheckboxStyles.tsx
FN:19,(anonymous_0)
FN:20,(anonymous_1)
FN:21,(anonymous_2)
FN:22,(anonymous_3)
FN:23,(anonymous_4)
FN:36,(anonymous_5)
FN:37,(anonymous_6)
FN:40,(anonymous_7)
FN:44,(anonymous_8)
FNF:9
FNH:9
FNDA:5,(anonymous_0)
FNDA:5,(anonymous_1)
FNDA:5,(anonymous_2)
FNDA:5,(anonymous_3)
FNDA:5,(anonymous_4)
FNDA:5,(anonymous_5)
FNDA:5,(anonymous_6)
FNDA:5,(anonymous_7)
FNDA:5,(anonymous_8)
DA:9,6
DA:18,6
DA:19,5
DA:20,5
DA:21,5
DA:22,5
DA:23,5
DA:33,6
DA:36,5
DA:37,5
DA:40,5
DA:45,5
LF:12
LH:12
BRDA:21,0,0,5
BRDA:21,0,1,0
BRDA:22,1,0,0
BRDA:22,1,1,5
BRDA:23,2,0,0
BRDA:23,2,1,5
BRDA:36,3,0,0
BRDA:36,3,1,5
BRDA:37,4,0,0
BRDA:37,4,1,5
BRDA:45,5,0,5
BRDA:45,5,1,0
BRF:12
BRH:6
end_of_record
TN:
SF:src\components\errorLabel\ErrorLabel.tsx
FN:9,(anonymous_0)
FN:14,(anonymous_1)
FN:17,(anonymous_2)
FNF:3
FNH:3
FNDA:4,(anonymous_0)
FNDA:4,(anonymous_1)
FNDA:4,(anonymous_2)
DA:9,12
DA:13,4
DA:14,4
DA:17,4
DA:24,4
LF:5
LH:5
BRF:0
BRH:0
end_of_record
TN:
SF:src\components\helpLabel\HelpLabel.tsx
FN:10,(anonymous_0)
FN:23,(anonymous_1)
FN:26,(anonymous_2)
FN:27,(anonymous_3)
FNF:4
FNH:4
FNDA:3,(anonymous_0)
FNDA:3,(anonymous_1)
FNDA:3,(anonymous_2)
FNDA:3,(anonymous_3)
DA:10,12
DA:14,3
DA:23,3
DA:26,3
DA:27,3
DA:33,3
LF:6
LH:6
BRF:0
BRH:0
end_of_record
TN:
SF:src\components\icons\alertIcon.tsx
FN:7,(anonymous_0)
FNF:1
FNH:0
FNDA:0,(anonymous_0)
DA:7,18
DA:8,0
LF:2
LH:1
BRF:0
BRH:0
end_of_record
TN:
SF:src\components\icons\androidIcon.tsx
FN:7,(anonymous_0)
FNF:1
FNH:0
FNDA:0,(anonymous_0)
DA:7,18
DA:8,0
LF:2
LH:1
BRF:0
BRH:0
end_of_record
TN:
SF:src\components\icons\appleIcon.tsx
FN:7,(anonymous_0)
FNF:1
FNH:0
FNDA:0,(anonymous_0)
DA:7,18
DA:8,0
LF:2
LH:1
BRF:0
BRH:0
end_of_record
TN:
SF:src\components\icons\applicationIcon.tsx
FN:7,(anonymous_0)
FNF:1
FNH:0
FNDA:0,(anonymous_0)
DA:7,18
DA:8,0
LF:2
LH:1
BRF:0
BRH:0
end_of_record
TN:
SF:src\components\icons\checkboxCheckedIcon.tsx
FN:7,(anonymous_0)
FNF:1
FNH:0
FNDA:0,(anonymous_0)
DA:7,18
DA:10,0
LF:2
LH:1
BRF:0
BRH:0
end_of_record
TN:
SF:src\components\icons\checkboxIcon.tsx
FN:7,(anonymous_0)
FNF:1
FNH:1
FNDA:5,(anonymous_0)
DA:7,18
DA:8,5
LF:2
LH:2
BRF:0
BRH:0
end_of_record
TN:
SF:src\components\icons\chevronDownIcon.tsx
FN:7,(anonymous_0)
FNF:1
FNH:0
FNDA:0,(anonymous_0)
DA:7,18
DA:8,0
LF:2
LH:1
BRF:0
BRH:0
end_of_record
TN:
SF:src\components\icons\closeIcon.tsx
FN:7,(anonymous_0)
FNF:1
FNH:0
FNDA:0,(anonymous_0)
DA:7,18
DA:8,0
LF:2
LH:1
BRF:0
BRH:0
end_of_record
TN:
SF:src\components\icons\editIcon.tsx
FN:7,(anonymous_0)
FNF:1
FNH:0
FNDA:0,(anonymous_0)
DA:7,18
DA:8,0
LF:2
LH:1
BRF:0
BRH:0
end_of_record
TN:
SF:src\components\icons\facebookIcon.tsx
FN:7,(anonymous_0)
FNF:1
FNH:0
FNDA:0,(anonymous_0)
DA:7,18
DA:8,0
LF:2
LH:1
BRF:0
BRH:0
end_of_record
TN:
SF:src\components\icons\githubIcon.tsx
FN:7,(anonymous_0)
FNF:1
FNH:0
FNDA:0,(anonymous_0)
DA:7,18
DA:8,0
LF:2
LH:1
BRF:0
BRH:0
end_of_record
TN:
SF:src\components\icons\googleIcon.tsx
FN:7,(anonymous_0)
FNF:1
FNH:0
FNDA:0,(anonymous_0)
DA:7,18
DA:8,0
LF:2
LH:1
BRF:0
BRH:0
end_of_record
TN:
SF:src\components\icons\hamburguerIcon.tsx
FN:7,(anonymous_0)
FNF:1
FNH:0
FNDA:0,(anonymous_0)
DA:7,18
DA:8,0
LF:2
LH:1
BRF:0
BRH:0
end_of_record
TN:
SF:src\components\icons\helpIcon.tsx
FN:7,(anonymous_0)
FNF:1
FNH:1
FNDA:3,(anonymous_0)
DA:7,18
DA:8,3
LF:2
LH:2
BRF:0
BRH:0
end_of_record
TN:
SF:src\components\icons\hiddenIcon.tsx
FN:7,(anonymous_0)
FNF:1
FNH:0
FNDA:0,(anonymous_0)
DA:7,18
DA:8,0
LF:2
LH:1
BRF:0
BRH:0
end_of_record
TN:
SF:src\components\icons\index.ts
FNF:0
FNH:0
LF:0
LH:0
BRF:0
BRH:0
end_of_record
TN:
SF:src\components\icons\joinbleIcon.tsx
FN:7,(anonymous_0)
FNF:1
FNH:0
FNDA:0,(anonymous_0)
DA:7,18
DA:8,0
LF:2
LH:1
BRF:0
BRH:0
end_of_record
TN:
SF:src\components\icons\linkedinIcon.tsx
FN:7,(anonymous_0)
FNF:1
FNH:0
FNDA:0,(anonymous_0)
DA:7,18
DA:8,0
LF:2
LH:1
BRF:0
BRH:0
end_of_record
TN:
SF:src\components\icons\messageIcon.tsx
FN:7,(anonymous_0)
FNF:1
FNH:0
FNDA:0,(anonymous_0)
DA:7,18
DA:8,0
LF:2
LH:1
BRF:0
BRH:0
end_of_record
TN:
SF:src\components\icons\notificationIcon.tsx
FN:7,(anonymous_0)
FNF:1
FNH:0
FNDA:0,(anonymous_0)
DA:7,18
DA:8,0
LF:2
LH:1
BRF:0
BRH:0
end_of_record
TN:
SF:src\components\icons\plusIcon.tsx
FN:7,(anonymous_0)
FNF:1
FNH:0
FNDA:0,(anonymous_0)
DA:7,18
DA:8,0
LF:2
LH:1
BRF:0
BRH:0
end_of_record
TN:
SF:src\components\icons\searchIcon.tsx
FN:7,(anonymous_0)
FNF:1
FNH:0
FNDA:0,(anonymous_0)
DA:7,18
DA:8,0
LF:2
LH:1
BRF:0
BRH:0
end_of_record
TN:
SF:src\components\icons\showIcon.tsx
FN:7,(anonymous_0)
FNF:1
FNH:0
FNDA:0,(anonymous_0)
DA:7,18
DA:8,0
LF:2
LH:1
BRF:0
BRH:0
end_of_record
TN:
SF:src\components\icons\trashIcon.tsx
FN:7,(anonymous_0)
FNF:1
FNH:0
FNDA:0,(anonymous_0)
DA:7,18
DA:8,0
LF:2
LH:1
BRF:0
BRH:0
end_of_record
TN:
SF:src\components\icons\twitterIcon.tsx
FN:7,(anonymous_0)
FNF:1
FNH:0
FNDA:0,(anonymous_0)
DA:7,18
DA:8,0
LF:2
LH:1
BRF:0
BRH:0
end_of_record
TN:
SF:src\components\icons\upIcon.tsx
FN:7,(anonymous_0)
FNF:1
FNH:0
FNDA:0,(anonymous_0)
DA:7,18
DA:8,0
LF:2
LH:1
BRF:0
BRH:0
end_of_record
TN:
SF:src\components\icons\widgetIcon.tsx
FN:7,(anonymous_0)
FNF:1
FNH:0
FNDA:0,(anonymous_0)
DA:7,18
DA:8,0
LF:2
LH:1
BRF:0
BRH:0
end_of_record
TN:
SF:src\components\input\Input.tsx
FN:39,(anonymous_0)
FN:59,(anonymous_1)
FNF:2
FNH:1
FNDA:2,(anonymous_0)
FNDA:0,(anonymous_1)
DA:38,6
DA:57,2
DA:59,2
DA:60,0
DA:63,2
LF:5
LH:4
BRDA:42,0,0,2
BRDA:67,1,0,0
BRDA:67,1,1,2
BRDA:80,2,0,2
BRDA:80,2,1,0
BRDA:82,3,0,0
BRDA:82,3,1,0
BRDA:88,4,0,2
BRDA:88,4,1,0
BRDA:88,4,2,0
BRDA:91,5,0,2
BRDA:91,5,1,0
BRDA:91,5,2,0
BRDA:92,6,0,2
BRDA:92,6,1,0
BRDA:93,7,0,2
BRDA:93,7,1,0
BRF:17
BRH:7
end_of_record
TN:
SF:src\components\input\InputStyle.tsx
FN:30,(anonymous_0)
FN:31,(anonymous_1)
FN:32,(anonymous_2)
FN:42,(anonymous_3)
FN:50,(anonymous_4)
FN:64,(anonymous_5)
FN:71,(anonymous_6)
FN:80,(anonymous_7)
FN:88,(anonymous_8)
FN:92,(anonymous_9)
FN:93,(anonymous_10)
FN:102,(anonymous_11)
FN:111,(anonymous_12)
FNF:13
FNH:11
FNDA:2,(anonymous_0)
FNDA:2,(anonymous_1)
FNDA:2,(anonymous_2)
FNDA:2,(anonymous_3)
FNDA:2,(anonymous_4)
FNDA:2,(anonymous_5)
FNDA:2,(anonymous_6)
FNDA:2,(anonymous_7)
FNDA:2,(anonymous_8)
FNDA:2,(anonymous_9)
FNDA:2,(anonymous_10)
FNDA:0,(anonymous_11)
FNDA:0,(anonymous_12)
DA:14,6
DA:28,6
DA:30,2
DA:31,2
DA:32,2
DA:43,2
DA:50,2
DA:64,2
DA:72,2
DA:81,2
DA:87,6
DA:88,2
DA:92,2
DA:93,2
DA:100,6
DA:102,0
DA:110,6
DA:111,0
DA:118,6
DA:125,6
DA:128,6
LF:21
LH:19
BRDA:34,0,0,0
BRDA:34,0,1,2
BRDA:43,1,0,0
BRDA:43,1,1,2
BRDA:43,2,0,2
BRDA:43,2,1,2
BRDA:43,2,2,2
BRDA:43,2,3,2
BRF:8
BRH:6
end_of_record
TN:
SF:src\components\loading\Loading.tsx
FN:10,(anonymous_0)
FNF:1
FNH:0
FNDA:0,(anonymous_0)
DA:10,6
DA:14,0
LF:2
LH:1
BRDA:16,0,0,0
BRDA:16,0,1,0
BRF:2
BRH:0
end_of_record
TN:
SF:src\components\loading\LoadingStyles.tsx
FN:22,(anonymous_0)
FN:24,(anonymous_1)
FNF:2
FNH:0
FNDA:0,(anonymous_0)
FNDA:0,(anonymous_1)
DA:3,6
DA:16,6
DA:22,0
DA:25,0
DA:39,6
LF:5
LH:3
BRF:0
BRH:0
end_of_record
TN:
SF:src\components\overlay\Overlay.tsx
FNF:0
FNH:0
DA:3,6
LF:1
LH:1
BRF:0
BRH:0
end_of_record
